Watching for file changes with StatReloader
"GET /prefix/about/ HTTP/1.1" 200 27
"GET /prefix/ HTTP/1.1" 200 13
"GET /prefix HTTP/1.1" 301 0
"GET /prefix/ HTTP/1.1" 200 13
C:\Users\kapa-\PycharmProjects\pythonDjango\myproject\myproject\settings.py changed, reloading.
Watching for file changes with StatReloader
Index page accessed
"GET /prefix/ HTTP/1.1" 200 13
Index page accessed
"GET /prefix/ HTTP/1.1" 200 13
Error in about page: division by zero
Traceback (most recent call last):
  File "C:\Users\kapa-\PycharmProjects\pythonDjango\myproject\myapp\views.py", line 15, in about
    result = 1 / 0
             ~~^~~
ZeroDivisionError: division by zero
"GET /prefix/about/ HTTP/1.1" 200 27
C:\Users\kapa-\PycharmProjects\pythonDjango\myproject\myproject\settings.py changed, reloading.
Watching for file changes with StatReloader
C:\Users\kapa-\PycharmProjects\pythonDjango\myproject\myproject\settings.py changed, reloading.
Watching for file changes with StatReloader
C:\Users\kapa-\PycharmProjects\pythonDjango\myproject\myproject\settings.py changed, reloading.
Watching for file changes with StatReloader
C:\Users\kapa-\PycharmProjects\pythonDjango\myproject\myproject\settings.py changed, reloading.
INFO 2023-09-28 21:38:38,882 autoreload 5212 16188 Watching for file changes with StatReloader
ERROR 2023-09-28 21:38:49,616 views 5212 7016 Error in about page: division by zero
Traceback (most recent call last):
  File "C:\Users\kapa-\PycharmProjects\pythonDjango\myproject\myapp\views.py", line 15, in about
    result = 1 / 0
             ~~^~~
ZeroDivisionError: division by zero
INFO 2023-09-28 21:38:49,620 basehttp 5212 7016 "GET /prefix/about/ HTTP/1.1" 200 27
INFO 2023-09-28 21:38:56,636 views 5212 7016 Index page accessed
INFO 2023-09-28 21:38:56,637 basehttp 5212 7016 "GET /prefix/ HTTP/1.1" 200 13
INFO 2023-10-01 16:16:10,473 autoreload 20328 11324 Watching for file changes with StatReloader
INFO 2023-10-01 16:21:47,226 autoreload 9900 10632 Watching for file changes with StatReloader
INFO 2023-10-01 16:25:39,319 autoreload 4044 11412 Watching for file changes with StatReloader
INFO 2023-10-06 19:59:15,408 autoreload 16352 15208 Watching for file changes with StatReloader
INFO 2023-10-06 19:59:54,748 autoreload 14532 2024 Watching for file changes with StatReloader
WARNING 2023-10-06 20:01:58,701 log 14532 17368 Not Found: /
WARNING 2023-10-06 20:01:58,703 basehttp 14532 17368 "GET / HTTP/1.1" 404 2169
WARNING 2023-10-06 20:01:59,504 log 14532 17368 Not Found: /favicon.ico
WARNING 2023-10-06 20:01:59,506 basehttp 14532 17368 "GET /favicon.ico HTTP/1.1" 404 2220
WARNING 2023-10-06 20:06:05,189 log 14532 17368 Not Found: /les3
WARNING 2023-10-06 20:06:05,190 basehttp 14532 17368 "GET /les3 HTTP/1.1" 404 2199
INFO 2023-10-06 20:08:51,158 autoreload 14532 2024 C:\Users\kapa-\PycharmProjects\pythonDjango\myproject\myapp\urls.py changed, reloading.
INFO 2023-10-06 20:08:52,277 autoreload 10536 9192 Watching for file changes with StatReloader
INFO 2023-10-06 20:08:58,182 autoreload 3148 17732 Watching for file changes with StatReloader
WARNING 2023-10-06 20:09:18,137 log 3148 20256 Not Found: /
WARNING 2023-10-06 20:09:18,138 basehttp 3148 20256 "GET / HTTP/1.1" 404 2169
WARNING 2023-10-06 20:09:20,531 log 3148 20256 Not Found: /
WARNING 2023-10-06 20:09:20,532 basehttp 3148 20256 "GET / HTTP/1.1" 404 2169
WARNING 2023-10-06 20:09:21,580 log 3148 20256 Not Found: /
WARNING 2023-10-06 20:09:21,581 basehttp 3148 20256 "GET / HTTP/1.1" 404 2169
WARNING 2023-10-06 20:10:06,514 log 3148 20256 Not Found: /les3/
WARNING 2023-10-06 20:10:06,516 basehttp 3148 20256 "GET /les3/ HTTP/1.1" 404 2202
WARNING 2023-10-06 20:10:12,564 log 3148 20256 Not Found: /les3
WARNING 2023-10-06 20:10:12,566 basehttp 3148 20256 "GET /les3 HTTP/1.1" 404 2199
INFO 2023-10-06 20:11:08,597 autoreload 3148 17732 C:\Users\kapa-\PycharmProjects\pythonDjango\myproject\myapp3\urls.py changed, reloading.
INFO 2023-10-06 20:11:09,815 autoreload 13888 5036 Watching for file changes with StatReloader
INFO 2023-10-06 20:11:18,393 autoreload 13888 5036 C:\Users\kapa-\PycharmProjects\pythonDjango\myproject\myapp3\urls.py changed, reloading.
INFO 2023-10-06 20:11:19,447 autoreload 19556 15408 Watching for file changes with StatReloader
WARNING 2023-10-06 20:11:31,188 log 19556 18268 Not Found: /les3
WARNING 2023-10-06 20:11:31,190 basehttp 19556 18268 "GET /les3 HTTP/1.1" 404 2199
WARNING 2023-10-06 20:11:37,768 log 19556 18268 Not Found: /
WARNING 2023-10-06 20:11:37,770 basehttp 19556 18268 "GET / HTTP/1.1" 404 2169
INFO 2023-10-06 20:12:48,373 autoreload 19556 15408 C:\Users\kapa-\PycharmProjects\pythonDjango\myproject\myproject\urls.py changed, reloading.
INFO 2023-10-06 20:12:49,339 autoreload 17028 9400 Watching for file changes with StatReloader
WARNING 2023-10-06 20:12:53,281 log 17028 20528 Not Found: /
WARNING 2023-10-06 20:12:53,282 basehttp 17028 20528 "GET / HTTP/1.1" 404 2274
WARNING 2023-10-06 20:13:02,005 log 17028 20528 Not Found: /les3
WARNING 2023-10-06 20:13:02,007 basehttp 17028 20528 "GET /les3 HTTP/1.1" 404 2304
WARNING 2023-10-06 20:13:07,712 log 17028 20528 Not Found: /les3/
WARNING 2023-10-06 20:13:07,713 basehttp 17028 20528 "GET /les3/ HTTP/1.1" 404 2548
INFO 2023-10-06 20:13:41,683 basehttp 17028 20528 "GET /les3/hello/ HTTP/1.1" 200 26
INFO 2023-10-06 20:13:49,652 basehttp 17028 20528 "GET /les3/hello2/ HTTP/1.1" 200 23
INFO 2023-10-06 20:20:39,848 autoreload 17028 9400 C:\Users\kapa-\PycharmProjects\pythonDjango\myproject\myapp3\urls.py changed, reloading.
INFO 2023-10-06 20:20:41,547 autoreload 16104 16940 Watching for file changes with StatReloader
INFO 2023-10-06 20:22:07,559 autoreload 16104 16940 C:\Users\kapa-\PycharmProjects\pythonDjango\myproject\myapp3\urls.py changed, reloading.
INFO 2023-10-06 20:22:08,700 autoreload 20176 11136 Watching for file changes with StatReloader
INFO 2023-10-06 20:27:48,304 autoreload 20176 11136 C:\Users\kapa-\PycharmProjects\pythonDjango\myproject\myapp3\views.py changed, reloading.
INFO 2023-10-06 20:27:49,889 autoreload 8476 10812 Watching for file changes with StatReloader
INFO 2023-10-06 20:28:48,657 autoreload 8476 10812 C:\Users\kapa-\PycharmProjects\pythonDjango\myproject\myapp3\views.py changed, reloading.
INFO 2023-10-06 20:28:49,772 autoreload 4508 18980 Watching for file changes with StatReloader
INFO 2023-10-06 20:29:45,430 autoreload 4508 18980 C:\Users\kapa-\PycharmProjects\pythonDjango\myproject\myapp3\views.py changed, reloading.
INFO 2023-10-06 20:29:46,431 autoreload 19160 19264 Watching for file changes with StatReloader
INFO 2023-10-06 20:30:29,184 autoreload 19160 19264 C:\Users\kapa-\PycharmProjects\pythonDjango\myproject\myapp3\views.py changed, reloading.
INFO 2023-10-06 20:30:30,416 autoreload 13256 14368 Watching for file changes with StatReloader
INFO 2023-10-06 20:32:39,017 autoreload 13256 14368 C:\Users\kapa-\PycharmProjects\pythonDjango\myproject\myapp3\views.py changed, reloading.
INFO 2023-10-06 20:32:40,014 autoreload 13268 10548 Watching for file changes with StatReloader
INFO 2023-10-06 20:33:38,530 autoreload 13268 10548 C:\Users\kapa-\PycharmProjects\pythonDjango\myproject\myapp3\views.py changed, reloading.
INFO 2023-10-06 20:33:39,676 autoreload 7544 14292 Watching for file changes with StatReloader
INFO 2023-10-06 20:35:17,790 autoreload 7544 14292 C:\Users\kapa-\PycharmProjects\pythonDjango\myproject\myapp3\views.py changed, reloading.
INFO 2023-10-06 20:35:18,803 autoreload 17536 19864 Watching for file changes with StatReloader
WARNING 2023-10-06 20:35:25,578 log 17536 13904 Not Found: /les3/posts/
WARNING 2023-10-06 20:35:25,581 basehttp 17536 13904 "GET /les3/posts/ HTTP/1.1" 404 3202
INFO 2023-10-06 20:35:35,522 basehttp 17536 13904 "GET /les3/posts/2022 HTTP/1.1" 301 0
INFO 2023-10-06 20:35:35,535 basehttp 17536 21132 "GET /les3/posts/2022/ HTTP/1.1" 200 19
INFO 2023-10-06 20:35:44,812 basehttp 17536 21132 "GET /les3/posts/2022/6 HTTP/1.1" 301 0
INFO 2023-10-06 20:35:44,824 basehttp 17536 3376 "GET /les3/posts/2022/6/ HTTP/1.1" 200 28
INFO 2023-10-06 20:36:28,145 autoreload 17536 19864 C:\Users\kapa-\PycharmProjects\pythonDjango\myproject\myapp3\views.py changed, reloading.
INFO 2023-10-06 20:36:29,203 autoreload 19172 4740 Watching for file changes with StatReloader
INFO 2023-10-06 20:36:32,404 basehttp 19172 18812 "GET /les3/posts/2022/6/ HTTP/1.1" 200 24
INFO 2023-10-06 20:37:03,722 autoreload 19172 4740 C:\Users\kapa-\PycharmProjects\pythonDjango\myproject\myapp3\views.py changed, reloading.
INFO 2023-10-06 20:37:04,735 autoreload 11024 15644 Watching for file changes with StatReloader
INFO 2023-10-06 20:37:07,464 basehttp 11024 15288 "GET /les3/posts/2022/6/ HTTP/1.1" 200 34
INFO 2023-10-06 20:38:26,139 autoreload 11024 15644 C:\Users\kapa-\PycharmProjects\pythonDjango\myproject\myapp3\views.py changed, reloading.
INFO 2023-10-06 20:38:27,440 autoreload 10560 18404 Watching for file changes with StatReloader
INFO 2023-10-06 20:51:23,845 basehttp 10560 11872 "GET /les3/posts/2022/6/pp/ HTTP/1.1" 200 356
INFO 2023-10-06 21:04:50,433 autoreload 10560 18404 C:\Users\kapa-\PycharmProjects\pythonDjango\myproject\myapp3\views.py changed, reloading.
INFO 2023-10-06 21:04:51,662 autoreload 14084 14484 Watching for file changes with StatReloader
INFO 2023-10-06 21:05:14,975 autoreload 14084 14484 C:\Users\kapa-\PycharmProjects\pythonDjango\myproject\myapp3\views.py changed, reloading.
INFO 2023-10-06 21:05:16,013 autoreload 19324 20788 Watching for file changes with StatReloader
INFO 2023-10-06 21:05:30,451 autoreload 19324 20788 C:\Users\kapa-\PycharmProjects\pythonDjango\myproject\myapp3\views.py changed, reloading.
INFO 2023-10-06 21:05:31,657 autoreload 940 2484 Watching for file changes with StatReloader
INFO 2023-10-06 21:07:17,027 autoreload 940 2484 C:\Users\kapa-\PycharmProjects\pythonDjango\myproject\myapp\urls.py changed, reloading.
INFO 2023-10-06 21:07:18,478 autoreload 20172 10644 Watching for file changes with StatReloader
INFO 2023-10-06 21:07:44,438 autoreload 20172 10644 C:\Users\kapa-\PycharmProjects\pythonDjango\myproject\myproject\urls.py changed, reloading.
INFO 2023-10-06 21:07:45,496 autoreload 3984 20880 Watching for file changes with StatReloader
INFO 2023-10-06 21:07:56,426 autoreload 3984 20880 C:\Users\kapa-\PycharmProjects\pythonDjango\myproject\myapp3\urls.py changed, reloading.
INFO 2023-10-06 21:07:57,702 autoreload 12428 6760 Watching for file changes with StatReloader
INFO 2023-10-06 21:08:11,508 autoreload 12428 6760 C:\Users\kapa-\PycharmProjects\pythonDjango\myproject\myapp3\urls.py changed, reloading.
INFO 2023-10-06 21:08:12,580 autoreload 21500 12984 Watching for file changes with StatReloader
INFO 2023-10-06 21:08:51,889 autoreload 21500 12984 C:\Users\kapa-\PycharmProjects\pythonDjango\myproject\myapp3\urls.py changed, reloading.
INFO 2023-10-06 21:08:53,121 autoreload 5496 964 Watching for file changes with StatReloader
INFO 2023-10-06 21:08:56,167 basehttp 5496 16612 "GET /les3 HTTP/1.1" 301 0
INFO 2023-10-06 21:08:56,244 basehttp 5496 8060 "GET /les3/ HTTP/1.1" 200 175
INFO 2023-10-06 21:16:25,305 autoreload 5496 964 C:\Users\kapa-\PycharmProjects\pythonDjango\myproject\myapp3\views.py changed, reloading.
INFO 2023-10-06 21:16:26,220 autoreload 12240 10524 Watching for file changes with StatReloader
INFO 2023-10-06 21:17:22,751 autoreload 12240 10524 C:\Users\kapa-\PycharmProjects\pythonDjango\myproject\myapp3\views.py changed, reloading.
INFO 2023-10-06 21:17:23,845 autoreload 13744 14148 Watching for file changes with StatReloader
INFO 2023-10-06 21:20:09,030 autoreload 13744 14148 C:\Users\kapa-\PycharmProjects\pythonDjango\myproject\myapp3\urls.py changed, reloading.
INFO 2023-10-06 21:20:10,126 autoreload 20484 10124 Watching for file changes with StatReloader
INFO 2023-10-06 21:20:22,222 autoreload 20484 10124 C:\Users\kapa-\PycharmProjects\pythonDjango\myproject\myapp3\urls.py changed, reloading.
INFO 2023-10-06 21:20:23,460 autoreload 21312 18976 Watching for file changes with StatReloader
INFO 2023-10-06 21:21:02,608 basehttp 21312 13920 "GET /les3/if HTTP/1.1" 301 0
INFO 2023-10-06 21:21:02,696 basehttp 21312 18528 "GET /les3/if/ HTTP/1.1" 200 355
INFO 2023-10-06 21:26:45,705 autoreload 21312 18976 C:\Users\kapa-\PycharmProjects\pythonDjango\myproject\myapp3\views.py changed, reloading.
INFO 2023-10-06 21:26:47,044 autoreload 8716 20964 Watching for file changes with StatReloader
INFO 2023-10-06 21:27:21,250 autoreload 8716 20964 C:\Users\kapa-\PycharmProjects\pythonDjango\myproject\myapp3\views.py changed, reloading.
INFO 2023-10-06 21:27:22,350 autoreload 7688 19560 Watching for file changes with StatReloader
INFO 2023-10-06 21:27:57,399 autoreload 7688 19560 C:\Users\kapa-\PycharmProjects\pythonDjango\myproject\myapp3\urls.py changed, reloading.
INFO 2023-10-06 21:27:58,444 autoreload 2700 10824 Watching for file changes with StatReloader
INFO 2023-10-06 21:28:15,329 autoreload 2700 10824 C:\Users\kapa-\PycharmProjects\pythonDjango\myproject\myapp3\urls.py changed, reloading.
INFO 2023-10-06 21:28:16,499 autoreload 21076 2052 Watching for file changes with StatReloader
INFO 2023-10-06 21:29:03,672 autoreload 21076 2052 C:\Users\kapa-\PycharmProjects\pythonDjango\myproject\myapp3\urls.py changed, reloading.
INFO 2023-10-06 21:29:04,719 autoreload 11560 12652 Watching for file changes with StatReloader
INFO 2023-10-06 21:29:34,401 autoreload 11560 12652 C:\Users\kapa-\PycharmProjects\pythonDjango\myproject\myapp3\urls.py changed, reloading.
INFO 2023-10-06 21:29:36,062 autoreload 20896 9220 Watching for file changes with StatReloader
INFO 2023-10-06 21:29:45,510 basehttp 20896 18292 "GET /les3/for/ HTTP/1.1" 200 957
INFO 2023-10-06 21:55:19,474 autoreload 20896 9220 C:\Users\kapa-\PycharmProjects\pythonDjango\myproject\myapp3\views.py changed, reloading.
INFO 2023-10-06 21:55:20,599 autoreload 7828 2312 Watching for file changes with StatReloader
INFO 2023-10-06 21:58:38,032 autoreload 7828 2312 C:\Users\kapa-\PycharmProjects\pythonDjango\myproject\myapp3\views.py changed, reloading.
INFO 2023-10-06 21:58:39,291 autoreload 12000 14628 Watching for file changes with StatReloader
INFO 2023-10-06 21:59:32,402 autoreload 12000 14628 C:\Users\kapa-\PycharmProjects\pythonDjango\myproject\myapp3\urls.py changed, reloading.
INFO 2023-10-06 21:59:33,494 autoreload 14952 5064 Watching for file changes with StatReloader
INFO 2023-10-06 22:00:25,559 autoreload 14952 5064 C:\Users\kapa-\PycharmProjects\pythonDjango\myproject\myapp3\urls.py changed, reloading.
INFO 2023-10-06 22:00:26,614 autoreload 6424 18952 Watching for file changes with StatReloader
INFO 2023-10-06 22:00:49,491 basehttp 6424 3108 "GET /les3/index HTTP/1.1" 301 0
ERROR 2023-10-06 22:00:50,270 log 6424 20400 Internal Server Error: /les3/index/
Traceback (most recent call last):
  File "C:\Users\kapa-\PycharmProjects\pythonDjango\venv\Lib\site-packages\django\core\handlers\exception.py", line 55, in inner
    response = get_response(request)
               ^^^^^^^^^^^^^^^^^^^^^
  File "C:\Users\kapa-\PycharmProjects\pythonDjango\venv\Lib\site-packages\django\core\handlers\base.py", line 197, in _get_response
    response = wrapped_callback(request, *callback_args, **callback_kwargs)
               ^^^^^^^^^^^^^^^^^^^^^^^^^^^^^^^^^^^^^^^^^^^^^^^^^^^^^^^^^^^^
  File "C:\Users\kapa-\PycharmProjects\pythonDjango\myproject\myapp3\views.py", line 73, in index
    return render(request, "myapp/index.html")
           ^^^^^^^^^^^^^^^^^^^^^^^^^^^^^^^^^^^
  File "C:\Users\kapa-\PycharmProjects\pythonDjango\venv\Lib\site-packages\django\shortcuts.py", line 24, in render
    content = loader.render_to_string(template_name, context, request, using=using)
              ^^^^^^^^^^^^^^^^^^^^^^^^^^^^^^^^^^^^^^^^^^^^^^^^^^^^^^^^^^^^^^^^^^^^^
  File "C:\Users\kapa-\PycharmProjects\pythonDjango\venv\Lib\site-packages\django\template\loader.py", line 61, in render_to_string
    template = get_template(template_name, using=using)
               ^^^^^^^^^^^^^^^^^^^^^^^^^^^^^^^^^^^^^^^^
  File "C:\Users\kapa-\PycharmProjects\pythonDjango\venv\Lib\site-packages\django\template\loader.py", line 19, in get_template
    raise TemplateDoesNotExist(template_name, chain=chain)
django.template.exceptions.TemplateDoesNotExist: myapp/index.html
ERROR 2023-10-06 22:00:50,278 basehttp 6424 20400 "GET /les3/index/ HTTP/1.1" 500 81448
INFO 2023-10-06 22:01:38,890 autoreload 6424 18952 C:\Users\kapa-\PycharmProjects\pythonDjango\myproject\myapp3\views.py changed, reloading.
INFO 2023-10-06 22:01:39,890 autoreload 18184 20124 Watching for file changes with StatReloader
INFO 2023-10-06 22:01:43,257 basehttp 18184 21040 "GET /les3/index/ HTTP/1.1" 200 240
INFO 2023-10-06 22:01:52,944 basehttp 18184 21040 "GET /les3/about/ HTTP/1.1" 200 246
INFO 2023-10-06 22:04:20,336 autoreload 18184 20124 C:\Users\kapa-\PycharmProjects\pythonDjango\myproject\myproject\settings.py changed, reloading.
INFO 2023-10-06 22:04:21,859 autoreload 15696 2312 Watching for file changes with StatReloader
INFO 2023-10-06 22:12:23,007 basehttp 15696 2052 "GET /les3/index/ HTTP/1.1" 200 240
WARNING 2023-10-06 22:12:37,136 log 15696 2052 Not Found: /les3/indexx/
WARNING 2023-10-06 22:12:37,137 basehttp 15696 2052 "GET /les3/indexx/ HTTP/1.1" 404 4061
INFO 2023-10-06 22:13:59,855 autoreload 15696 2312 C:\Users\kapa-\PycharmProjects\pythonDjango\myproject\myapp3\urls.py changed, reloading.
INFO 2023-10-06 22:14:00,983 autoreload 11344 19048 Watching for file changes with StatReloader
ERROR 2023-10-06 22:14:02,875 log 11344 21444 Internal Server Error: /les3/indexx/
Traceback (most recent call last):
  File "C:\Users\kapa-\PycharmProjects\pythonDjango\venv\Lib\site-packages\django\template\backends\django.py", line 61, in render
    return self.template.render(context)
           ^^^^^^^^^^^^^^^^^^^^^^^^^^^^^
  File "C:\Users\kapa-\PycharmProjects\pythonDjango\venv\Lib\site-packages\django\template\base.py", line 175, in render
    return self._render(context)
           ^^^^^^^^^^^^^^^^^^^^^
  File "C:\Users\kapa-\PycharmProjects\pythonDjango\venv\Lib\site-packages\django\template\base.py", line 167, in _render
    return self.nodelist.render(context)
           ^^^^^^^^^^^^^^^^^^^^^^^^^^^^^
  File "C:\Users\kapa-\PycharmProjects\pythonDjango\venv\Lib\site-packages\django\template\base.py", line 1005, in render
    return SafeString("".join([node.render_annotated(context) for node in self]))
                              ^^^^^^^^^^^^^^^^^^^^^^^^^^^^^^^^^^^^^^^^^^^^^^^^^
  File "C:\Users\kapa-\PycharmProjects\pythonDjango\venv\Lib\site-packages\django\template\base.py", line 1005, in <listcomp>
    return SafeString("".join([node.render_annotated(context) for node in self]))
                               ^^^^^^^^^^^^^^^^^^^^^^^^^^^^^^
  File "C:\Users\kapa-\PycharmProjects\pythonDjango\venv\Lib\site-packages\django\template\base.py", line 966, in render_annotated
    return self.render(context)
           ^^^^^^^^^^^^^^^^^^^^
  File "C:\Users\kapa-\PycharmProjects\pythonDjango\venv\Lib\site-packages\django\template\loader_tags.py", line 132, in render
    compiled_parent = self.get_parent(context)
                      ^^^^^^^^^^^^^^^^^^^^^^^^
  File "C:\Users\kapa-\PycharmProjects\pythonDjango\venv\Lib\site-packages\django\template\loader_tags.py", line 129, in get_parent
    return self.find_template(parent, context)
           ^^^^^^^^^^^^^^^^^^^^^^^^^^^^^^^^^^^
  File "C:\Users\kapa-\PycharmProjects\pythonDjango\venv\Lib\site-packages\django\template\loader_tags.py", line 107, in find_template
    template, origin = context.template.engine.find_template(
                       ^^^^^^^^^^^^^^^^^^^^^^^^^^^^^^^^^^^^^^
  File "C:\Users\kapa-\PycharmProjects\pythonDjango\venv\Lib\site-packages\django\template\engine.py", line 161, in find_template
    raise TemplateDoesNotExist(name, tried=tried)
django.template.exceptions.TemplateDoesNotExist: base.html

The above exception was the direct cause of the following exception:

Traceback (most recent call last):
  File "C:\Users\kapa-\PycharmProjects\pythonDjango\venv\Lib\site-packages\django\core\handlers\exception.py", line 55, in inner
    response = get_response(request)
               ^^^^^^^^^^^^^^^^^^^^^
  File "C:\Users\kapa-\PycharmProjects\pythonDjango\venv\Lib\site-packages\django\core\handlers\base.py", line 197, in _get_response
    response = wrapped_callback(request, *callback_args, **callback_kwargs)
               ^^^^^^^^^^^^^^^^^^^^^^^^^^^^^^^^^^^^^^^^^^^^^^^^^^^^^^^^^^^^
  File "C:\Users\kapa-\PycharmProjects\pythonDjango\myproject\myapp3\views.py", line 77, in indexx
    return render(request, "myapp3/indexx.html")
           ^^^^^^^^^^^^^^^^^^^^^^^^^^^^^^^^^^^^^
  File "C:\Users\kapa-\PycharmProjects\pythonDjango\venv\Lib\site-packages\django\shortcuts.py", line 24, in render
    content = loader.render_to_string(template_name, context, request, using=using)
              ^^^^^^^^^^^^^^^^^^^^^^^^^^^^^^^^^^^^^^^^^^^^^^^^^^^^^^^^^^^^^^^^^^^^^
  File "C:\Users\kapa-\PycharmProjects\pythonDjango\venv\Lib\site-packages\django\template\loader.py", line 62, in render_to_string
    return template.render(context, request)
           ^^^^^^^^^^^^^^^^^^^^^^^^^^^^^^^^^
  File "C:\Users\kapa-\PycharmProjects\pythonDjango\venv\Lib\site-packages\django\template\backends\django.py", line 63, in render
    reraise(exc, self.backend)
  File "C:\Users\kapa-\PycharmProjects\pythonDjango\venv\Lib\site-packages\django\template\backends\django.py", line 84, in reraise
    raise new from exc
django.template.exceptions.TemplateDoesNotExist: base.html
ERROR 2023-10-06 22:14:02,925 basehttp 11344 21444 "GET /les3/indexx/ HTTP/1.1" 500 131241
INFO 2023-10-06 22:15:33,829 autoreload 11344 19048 C:\Users\kapa-\PycharmProjects\pythonDjango\myproject\myapp3\urls.py changed, reloading.
INFO 2023-10-06 22:15:35,307 autoreload 11304 20108 Watching for file changes with StatReloader
ERROR 2023-10-06 22:15:38,407 log 11304 15008 Internal Server Error: /les3/index/
Traceback (most recent call last):
  File "C:\Users\kapa-\PycharmProjects\pythonDjango\venv\Lib\site-packages\django\template\backends\django.py", line 61, in render
    return self.template.render(context)
           ^^^^^^^^^^^^^^^^^^^^^^^^^^^^^
  File "C:\Users\kapa-\PycharmProjects\pythonDjango\venv\Lib\site-packages\django\template\base.py", line 175, in render
    return self._render(context)
           ^^^^^^^^^^^^^^^^^^^^^
  File "C:\Users\kapa-\PycharmProjects\pythonDjango\venv\Lib\site-packages\django\template\base.py", line 167, in _render
    return self.nodelist.render(context)
           ^^^^^^^^^^^^^^^^^^^^^^^^^^^^^
  File "C:\Users\kapa-\PycharmProjects\pythonDjango\venv\Lib\site-packages\django\template\base.py", line 1005, in render
    return SafeString("".join([node.render_annotated(context) for node in self]))
                              ^^^^^^^^^^^^^^^^^^^^^^^^^^^^^^^^^^^^^^^^^^^^^^^^^
  File "C:\Users\kapa-\PycharmProjects\pythonDjango\venv\Lib\site-packages\django\template\base.py", line 1005, in <listcomp>
    return SafeString("".join([node.render_annotated(context) for node in self]))
                               ^^^^^^^^^^^^^^^^^^^^^^^^^^^^^^
  File "C:\Users\kapa-\PycharmProjects\pythonDjango\venv\Lib\site-packages\django\template\base.py", line 966, in render_annotated
    return self.render(context)
           ^^^^^^^^^^^^^^^^^^^^
  File "C:\Users\kapa-\PycharmProjects\pythonDjango\venv\Lib\site-packages\django\template\loader_tags.py", line 132, in render
    compiled_parent = self.get_parent(context)
                      ^^^^^^^^^^^^^^^^^^^^^^^^
  File "C:\Users\kapa-\PycharmProjects\pythonDjango\venv\Lib\site-packages\django\template\loader_tags.py", line 129, in get_parent
    return self.find_template(parent, context)
           ^^^^^^^^^^^^^^^^^^^^^^^^^^^^^^^^^^^
  File "C:\Users\kapa-\PycharmProjects\pythonDjango\venv\Lib\site-packages\django\template\loader_tags.py", line 107, in find_template
    template, origin = context.template.engine.find_template(
                       ^^^^^^^^^^^^^^^^^^^^^^^^^^^^^^^^^^^^^^
  File "C:\Users\kapa-\PycharmProjects\pythonDjango\venv\Lib\site-packages\django\template\engine.py", line 161, in find_template
    raise TemplateDoesNotExist(name, tried=tried)
django.template.exceptions.TemplateDoesNotExist: base.html

The above exception was the direct cause of the following exception:

Traceback (most recent call last):
  File "C:\Users\kapa-\PycharmProjects\pythonDjango\venv\Lib\site-packages\django\core\handlers\exception.py", line 55, in inner
    response = get_response(request)
               ^^^^^^^^^^^^^^^^^^^^^
  File "C:\Users\kapa-\PycharmProjects\pythonDjango\venv\Lib\site-packages\django\core\handlers\base.py", line 197, in _get_response
    response = wrapped_callback(request, *callback_args, **callback_kwargs)
               ^^^^^^^^^^^^^^^^^^^^^^^^^^^^^^^^^^^^^^^^^^^^^^^^^^^^^^^^^^^^
  File "C:\Users\kapa-\PycharmProjects\pythonDjango\myproject\myapp3\views.py", line 73, in index
    return render(request, "myapp3/index.html")
           ^^^^^^^^^^^^^^^^^^^^^^^^^^^^^^^^^^^^
  File "C:\Users\kapa-\PycharmProjects\pythonDjango\venv\Lib\site-packages\django\shortcuts.py", line 24, in render
    content = loader.render_to_string(template_name, context, request, using=using)
              ^^^^^^^^^^^^^^^^^^^^^^^^^^^^^^^^^^^^^^^^^^^^^^^^^^^^^^^^^^^^^^^^^^^^^
  File "C:\Users\kapa-\PycharmProjects\pythonDjango\venv\Lib\site-packages\django\template\loader.py", line 62, in render_to_string
    return template.render(context, request)
           ^^^^^^^^^^^^^^^^^^^^^^^^^^^^^^^^^
  File "C:\Users\kapa-\PycharmProjects\pythonDjango\venv\Lib\site-packages\django\template\backends\django.py", line 63, in render
    reraise(exc, self.backend)
  File "C:\Users\kapa-\PycharmProjects\pythonDjango\venv\Lib\site-packages\django\template\backends\django.py", line 84, in reraise
    raise new from exc
django.template.exceptions.TemplateDoesNotExist: base.html
ERROR 2023-10-06 22:15:38,420 basehttp 11304 15008 "GET /les3/index/ HTTP/1.1" 500 131450
ERROR 2023-10-06 22:15:59,661 log 11304 15008 Internal Server Error: /les3/index/
Traceback (most recent call last):
  File "C:\Users\kapa-\PycharmProjects\pythonDjango\venv\Lib\site-packages\django\template\backends\django.py", line 61, in render
    return self.template.render(context)
           ^^^^^^^^^^^^^^^^^^^^^^^^^^^^^
  File "C:\Users\kapa-\PycharmProjects\pythonDjango\venv\Lib\site-packages\django\template\base.py", line 175, in render
    return self._render(context)
           ^^^^^^^^^^^^^^^^^^^^^
  File "C:\Users\kapa-\PycharmProjects\pythonDjango\venv\Lib\site-packages\django\template\base.py", line 167, in _render
    return self.nodelist.render(context)
           ^^^^^^^^^^^^^^^^^^^^^^^^^^^^^
  File "C:\Users\kapa-\PycharmProjects\pythonDjango\venv\Lib\site-packages\django\template\base.py", line 1005, in render
    return SafeString("".join([node.render_annotated(context) for node in self]))
                              ^^^^^^^^^^^^^^^^^^^^^^^^^^^^^^^^^^^^^^^^^^^^^^^^^
  File "C:\Users\kapa-\PycharmProjects\pythonDjango\venv\Lib\site-packages\django\template\base.py", line 1005, in <listcomp>
    return SafeString("".join([node.render_annotated(context) for node in self]))
                               ^^^^^^^^^^^^^^^^^^^^^^^^^^^^^^
  File "C:\Users\kapa-\PycharmProjects\pythonDjango\venv\Lib\site-packages\django\template\base.py", line 966, in render_annotated
    return self.render(context)
           ^^^^^^^^^^^^^^^^^^^^
  File "C:\Users\kapa-\PycharmProjects\pythonDjango\venv\Lib\site-packages\django\template\loader_tags.py", line 132, in render
    compiled_parent = self.get_parent(context)
                      ^^^^^^^^^^^^^^^^^^^^^^^^
  File "C:\Users\kapa-\PycharmProjects\pythonDjango\venv\Lib\site-packages\django\template\loader_tags.py", line 129, in get_parent
    return self.find_template(parent, context)
           ^^^^^^^^^^^^^^^^^^^^^^^^^^^^^^^^^^^
  File "C:\Users\kapa-\PycharmProjects\pythonDjango\venv\Lib\site-packages\django\template\loader_tags.py", line 107, in find_template
    template, origin = context.template.engine.find_template(
                       ^^^^^^^^^^^^^^^^^^^^^^^^^^^^^^^^^^^^^^
  File "C:\Users\kapa-\PycharmProjects\pythonDjango\venv\Lib\site-packages\django\template\engine.py", line 161, in find_template
    raise TemplateDoesNotExist(name, tried=tried)
django.template.exceptions.TemplateDoesNotExist: base.html

The above exception was the direct cause of the following exception:

Traceback (most recent call last):
  File "C:\Users\kapa-\PycharmProjects\pythonDjango\venv\Lib\site-packages\django\core\handlers\exception.py", line 55, in inner
    response = get_response(request)
               ^^^^^^^^^^^^^^^^^^^^^
  File "C:\Users\kapa-\PycharmProjects\pythonDjango\venv\Lib\site-packages\django\core\handlers\base.py", line 197, in _get_response
    response = wrapped_callback(request, *callback_args, **callback_kwargs)
               ^^^^^^^^^^^^^^^^^^^^^^^^^^^^^^^^^^^^^^^^^^^^^^^^^^^^^^^^^^^^
  File "C:\Users\kapa-\PycharmProjects\pythonDjango\myproject\myapp3\views.py", line 73, in index
    return render(request, "myapp3/index.html")
           ^^^^^^^^^^^^^^^^^^^^^^^^^^^^^^^^^^^^
  File "C:\Users\kapa-\PycharmProjects\pythonDjango\venv\Lib\site-packages\django\shortcuts.py", line 24, in render
    content = loader.render_to_string(template_name, context, request, using=using)
              ^^^^^^^^^^^^^^^^^^^^^^^^^^^^^^^^^^^^^^^^^^^^^^^^^^^^^^^^^^^^^^^^^^^^^
  File "C:\Users\kapa-\PycharmProjects\pythonDjango\venv\Lib\site-packages\django\template\loader.py", line 62, in render_to_string
    return template.render(context, request)
           ^^^^^^^^^^^^^^^^^^^^^^^^^^^^^^^^^
  File "C:\Users\kapa-\PycharmProjects\pythonDjango\venv\Lib\site-packages\django\template\backends\django.py", line 63, in render
    reraise(exc, self.backend)
  File "C:\Users\kapa-\PycharmProjects\pythonDjango\venv\Lib\site-packages\django\template\backends\django.py", line 84, in reraise
    raise new from exc
django.template.exceptions.TemplateDoesNotExist: base.html
ERROR 2023-10-06 22:15:59,685 basehttp 11304 15008 "GET /les3/index/ HTTP/1.1" 500 131587
INFO 2023-10-06 22:16:06,741 basehttp 11304 15008 "GET /les3/about/ HTTP/1.1" 200 246
INFO 2023-10-06 22:18:26,641 autoreload 11304 20108 C:\Users\kapa-\PycharmProjects\pythonDjango\myproject\myapp3\urls.py changed, reloading.
INFO 2023-10-06 22:18:27,720 autoreload 20864 14236 Watching for file changes with StatReloader
INFO 2023-10-06 22:20:26,924 autoreload 20864 14236 C:\Users\kapa-\PycharmProjects\pythonDjango\myproject\myapp3\views.py changed, reloading.
INFO 2023-10-06 22:20:28,037 autoreload 16864 20088 Watching for file changes with StatReloader
ERROR 2023-10-06 22:20:33,654 log 16864 11452 Internal Server Error: /les3/index/
Traceback (most recent call last):
  File "C:\Users\kapa-\PycharmProjects\pythonDjango\venv\Lib\site-packages\django\core\handlers\exception.py", line 55, in inner
    response = get_response(request)
               ^^^^^^^^^^^^^^^^^^^^^
  File "C:\Users\kapa-\PycharmProjects\pythonDjango\venv\Lib\site-packages\django\core\handlers\base.py", line 197, in _get_response
    response = wrapped_callback(request, *callback_args, **callback_kwargs)
               ^^^^^^^^^^^^^^^^^^^^^^^^^^^^^^^^^^^^^^^^^^^^^^^^^^^^^^^^^^^^
  File "C:\Users\kapa-\PycharmProjects\pythonDjango\myproject\myapp3\views.py", line 73, in index
    return render(request, "myapp/index.html")
           ^^^^^^^^^^^^^^^^^^^^^^^^^^^^^^^^^^^
  File "C:\Users\kapa-\PycharmProjects\pythonDjango\venv\Lib\site-packages\django\shortcuts.py", line 24, in render
    content = loader.render_to_string(template_name, context, request, using=using)
              ^^^^^^^^^^^^^^^^^^^^^^^^^^^^^^^^^^^^^^^^^^^^^^^^^^^^^^^^^^^^^^^^^^^^^
  File "C:\Users\kapa-\PycharmProjects\pythonDjango\venv\Lib\site-packages\django\template\loader.py", line 61, in render_to_string
    template = get_template(template_name, using=using)
               ^^^^^^^^^^^^^^^^^^^^^^^^^^^^^^^^^^^^^^^^
  File "C:\Users\kapa-\PycharmProjects\pythonDjango\venv\Lib\site-packages\django\template\loader.py", line 19, in get_template
    raise TemplateDoesNotExist(template_name, chain=chain)
django.template.exceptions.TemplateDoesNotExist: myapp/index.html
ERROR 2023-10-06 22:20:33,659 basehttp 16864 11452 "GET /les3/index/ HTTP/1.1" 500 82043
INFO 2023-10-06 22:21:01,244 autoreload 16864 20088 C:\Users\kapa-\PycharmProjects\pythonDjango\myproject\myapp3\views.py changed, reloading.
INFO 2023-10-06 22:21:02,343 autoreload 4740 10536 Watching for file changes with StatReloader
ERROR 2023-10-06 22:21:14,623 log 4740 6196 Internal Server Error: /les3/index/
Traceback (most recent call last):
  File "C:\Users\kapa-\PycharmProjects\pythonDjango\venv\Lib\site-packages\django\template\backends\django.py", line 61, in render
    return self.template.render(context)
           ^^^^^^^^^^^^^^^^^^^^^^^^^^^^^
  File "C:\Users\kapa-\PycharmProjects\pythonDjango\venv\Lib\site-packages\django\template\base.py", line 175, in render
    return self._render(context)
           ^^^^^^^^^^^^^^^^^^^^^
  File "C:\Users\kapa-\PycharmProjects\pythonDjango\venv\Lib\site-packages\django\template\base.py", line 167, in _render
    return self.nodelist.render(context)
           ^^^^^^^^^^^^^^^^^^^^^^^^^^^^^
  File "C:\Users\kapa-\PycharmProjects\pythonDjango\venv\Lib\site-packages\django\template\base.py", line 1005, in render
    return SafeString("".join([node.render_annotated(context) for node in self]))
                              ^^^^^^^^^^^^^^^^^^^^^^^^^^^^^^^^^^^^^^^^^^^^^^^^^
  File "C:\Users\kapa-\PycharmProjects\pythonDjango\venv\Lib\site-packages\django\template\base.py", line 1005, in <listcomp>
    return SafeString("".join([node.render_annotated(context) for node in self]))
                               ^^^^^^^^^^^^^^^^^^^^^^^^^^^^^^
  File "C:\Users\kapa-\PycharmProjects\pythonDjango\venv\Lib\site-packages\django\template\base.py", line 966, in render_annotated
    return self.render(context)
           ^^^^^^^^^^^^^^^^^^^^
  File "C:\Users\kapa-\PycharmProjects\pythonDjango\venv\Lib\site-packages\django\template\loader_tags.py", line 132, in render
    compiled_parent = self.get_parent(context)
                      ^^^^^^^^^^^^^^^^^^^^^^^^
  File "C:\Users\kapa-\PycharmProjects\pythonDjango\venv\Lib\site-packages\django\template\loader_tags.py", line 129, in get_parent
    return self.find_template(parent, context)
           ^^^^^^^^^^^^^^^^^^^^^^^^^^^^^^^^^^^
  File "C:\Users\kapa-\PycharmProjects\pythonDjango\venv\Lib\site-packages\django\template\loader_tags.py", line 107, in find_template
    template, origin = context.template.engine.find_template(
                       ^^^^^^^^^^^^^^^^^^^^^^^^^^^^^^^^^^^^^^
  File "C:\Users\kapa-\PycharmProjects\pythonDjango\venv\Lib\site-packages\django\template\engine.py", line 161, in find_template
    raise TemplateDoesNotExist(name, tried=tried)
django.template.exceptions.TemplateDoesNotExist: base.html

The above exception was the direct cause of the following exception:

Traceback (most recent call last):
  File "C:\Users\kapa-\PycharmProjects\pythonDjango\venv\Lib\site-packages\django\core\handlers\exception.py", line 55, in inner
    response = get_response(request)
               ^^^^^^^^^^^^^^^^^^^^^
  File "C:\Users\kapa-\PycharmProjects\pythonDjango\venv\Lib\site-packages\django\core\handlers\base.py", line 197, in _get_response
    response = wrapped_callback(request, *callback_args, **callback_kwargs)
               ^^^^^^^^^^^^^^^^^^^^^^^^^^^^^^^^^^^^^^^^^^^^^^^^^^^^^^^^^^^^
  File "C:\Users\kapa-\PycharmProjects\pythonDjango\myproject\myapp3\views.py", line 73, in index
    return render(request, "myapp3/index.html")
           ^^^^^^^^^^^^^^^^^^^^^^^^^^^^^^^^^^^^
  File "C:\Users\kapa-\PycharmProjects\pythonDjango\venv\Lib\site-packages\django\shortcuts.py", line 24, in render
    content = loader.render_to_string(template_name, context, request, using=using)
              ^^^^^^^^^^^^^^^^^^^^^^^^^^^^^^^^^^^^^^^^^^^^^^^^^^^^^^^^^^^^^^^^^^^^^
  File "C:\Users\kapa-\PycharmProjects\pythonDjango\venv\Lib\site-packages\django\template\loader.py", line 62, in render_to_string
    return template.render(context, request)
           ^^^^^^^^^^^^^^^^^^^^^^^^^^^^^^^^^
  File "C:\Users\kapa-\PycharmProjects\pythonDjango\venv\Lib\site-packages\django\template\backends\django.py", line 63, in render
    reraise(exc, self.backend)
  File "C:\Users\kapa-\PycharmProjects\pythonDjango\venv\Lib\site-packages\django\template\backends\django.py", line 84, in reraise
    raise new from exc
django.template.exceptions.TemplateDoesNotExist: base.html
ERROR 2023-10-06 22:21:14,634 basehttp 4740 6196 "GET /les3/index/ HTTP/1.1" 500 131349
ERROR 2023-10-06 22:21:17,590 log 4740 6196 Internal Server Error: /les3/index/
Traceback (most recent call last):
  File "C:\Users\kapa-\PycharmProjects\pythonDjango\venv\Lib\site-packages\django\template\backends\django.py", line 61, in render
    return self.template.render(context)
           ^^^^^^^^^^^^^^^^^^^^^^^^^^^^^
  File "C:\Users\kapa-\PycharmProjects\pythonDjango\venv\Lib\site-packages\django\template\base.py", line 175, in render
    return self._render(context)
           ^^^^^^^^^^^^^^^^^^^^^
  File "C:\Users\kapa-\PycharmProjects\pythonDjango\venv\Lib\site-packages\django\template\base.py", line 167, in _render
    return self.nodelist.render(context)
           ^^^^^^^^^^^^^^^^^^^^^^^^^^^^^
  File "C:\Users\kapa-\PycharmProjects\pythonDjango\venv\Lib\site-packages\django\template\base.py", line 1005, in render
    return SafeString("".join([node.render_annotated(context) for node in self]))
                              ^^^^^^^^^^^^^^^^^^^^^^^^^^^^^^^^^^^^^^^^^^^^^^^^^
  File "C:\Users\kapa-\PycharmProjects\pythonDjango\venv\Lib\site-packages\django\template\base.py", line 1005, in <listcomp>
    return SafeString("".join([node.render_annotated(context) for node in self]))
                               ^^^^^^^^^^^^^^^^^^^^^^^^^^^^^^
  File "C:\Users\kapa-\PycharmProjects\pythonDjango\venv\Lib\site-packages\django\template\base.py", line 966, in render_annotated
    return self.render(context)
           ^^^^^^^^^^^^^^^^^^^^
  File "C:\Users\kapa-\PycharmProjects\pythonDjango\venv\Lib\site-packages\django\template\loader_tags.py", line 132, in render
    compiled_parent = self.get_parent(context)
                      ^^^^^^^^^^^^^^^^^^^^^^^^
  File "C:\Users\kapa-\PycharmProjects\pythonDjango\venv\Lib\site-packages\django\template\loader_tags.py", line 129, in get_parent
    return self.find_template(parent, context)
           ^^^^^^^^^^^^^^^^^^^^^^^^^^^^^^^^^^^
  File "C:\Users\kapa-\PycharmProjects\pythonDjango\venv\Lib\site-packages\django\template\loader_tags.py", line 107, in find_template
    template, origin = context.template.engine.find_template(
                       ^^^^^^^^^^^^^^^^^^^^^^^^^^^^^^^^^^^^^^
  File "C:\Users\kapa-\PycharmProjects\pythonDjango\venv\Lib\site-packages\django\template\engine.py", line 161, in find_template
    raise TemplateDoesNotExist(name, tried=tried)
django.template.exceptions.TemplateDoesNotExist: base.html

The above exception was the direct cause of the following exception:

Traceback (most recent call last):
  File "C:\Users\kapa-\PycharmProjects\pythonDjango\venv\Lib\site-packages\django\core\handlers\exception.py", line 55, in inner
    response = get_response(request)
               ^^^^^^^^^^^^^^^^^^^^^
  File "C:\Users\kapa-\PycharmProjects\pythonDjango\venv\Lib\site-packages\django\core\handlers\base.py", line 197, in _get_response
    response = wrapped_callback(request, *callback_args, **callback_kwargs)
               ^^^^^^^^^^^^^^^^^^^^^^^^^^^^^^^^^^^^^^^^^^^^^^^^^^^^^^^^^^^^
  File "C:\Users\kapa-\PycharmProjects\pythonDjango\myproject\myapp3\views.py", line 73, in index
    return render(request, "myapp3/index.html")
           ^^^^^^^^^^^^^^^^^^^^^^^^^^^^^^^^^^^^
  File "C:\Users\kapa-\PycharmProjects\pythonDjango\venv\Lib\site-packages\django\shortcuts.py", line 24, in render
    content = loader.render_to_string(template_name, context, request, using=using)
              ^^^^^^^^^^^^^^^^^^^^^^^^^^^^^^^^^^^^^^^^^^^^^^^^^^^^^^^^^^^^^^^^^^^^^
  File "C:\Users\kapa-\PycharmProjects\pythonDjango\venv\Lib\site-packages\django\template\loader.py", line 62, in render_to_string
    return template.render(context, request)
           ^^^^^^^^^^^^^^^^^^^^^^^^^^^^^^^^^
  File "C:\Users\kapa-\PycharmProjects\pythonDjango\venv\Lib\site-packages\django\template\backends\django.py", line 63, in render
    reraise(exc, self.backend)
  File "C:\Users\kapa-\PycharmProjects\pythonDjango\venv\Lib\site-packages\django\template\backends\django.py", line 84, in reraise
    raise new from exc
django.template.exceptions.TemplateDoesNotExist: base.html
ERROR 2023-10-06 22:21:17,602 basehttp 4740 6196 "GET /les3/index/ HTTP/1.1" 500 131212
ERROR 2023-10-06 22:24:33,344 log 4740 6196 Internal Server Error: /les3/index/
Traceback (most recent call last):
  File "C:\Users\kapa-\PycharmProjects\pythonDjango\venv\Lib\site-packages\django\template\backends\django.py", line 61, in render
    return self.template.render(context)
           ^^^^^^^^^^^^^^^^^^^^^^^^^^^^^
  File "C:\Users\kapa-\PycharmProjects\pythonDjango\venv\Lib\site-packages\django\template\base.py", line 175, in render
    return self._render(context)
           ^^^^^^^^^^^^^^^^^^^^^
  File "C:\Users\kapa-\PycharmProjects\pythonDjango\venv\Lib\site-packages\django\template\base.py", line 167, in _render
    return self.nodelist.render(context)
           ^^^^^^^^^^^^^^^^^^^^^^^^^^^^^
  File "C:\Users\kapa-\PycharmProjects\pythonDjango\venv\Lib\site-packages\django\template\base.py", line 1005, in render
    return SafeString("".join([node.render_annotated(context) for node in self]))
                              ^^^^^^^^^^^^^^^^^^^^^^^^^^^^^^^^^^^^^^^^^^^^^^^^^
  File "C:\Users\kapa-\PycharmProjects\pythonDjango\venv\Lib\site-packages\django\template\base.py", line 1005, in <listcomp>
    return SafeString("".join([node.render_annotated(context) for node in self]))
                               ^^^^^^^^^^^^^^^^^^^^^^^^^^^^^^
  File "C:\Users\kapa-\PycharmProjects\pythonDjango\venv\Lib\site-packages\django\template\base.py", line 966, in render_annotated
    return self.render(context)
           ^^^^^^^^^^^^^^^^^^^^
  File "C:\Users\kapa-\PycharmProjects\pythonDjango\venv\Lib\site-packages\django\template\loader_tags.py", line 132, in render
    compiled_parent = self.get_parent(context)
                      ^^^^^^^^^^^^^^^^^^^^^^^^
  File "C:\Users\kapa-\PycharmProjects\pythonDjango\venv\Lib\site-packages\django\template\loader_tags.py", line 129, in get_parent
    return self.find_template(parent, context)
           ^^^^^^^^^^^^^^^^^^^^^^^^^^^^^^^^^^^
  File "C:\Users\kapa-\PycharmProjects\pythonDjango\venv\Lib\site-packages\django\template\loader_tags.py", line 107, in find_template
    template, origin = context.template.engine.find_template(
                       ^^^^^^^^^^^^^^^^^^^^^^^^^^^^^^^^^^^^^^
  File "C:\Users\kapa-\PycharmProjects\pythonDjango\venv\Lib\site-packages\django\template\engine.py", line 161, in find_template
    raise TemplateDoesNotExist(name, tried=tried)
django.template.exceptions.TemplateDoesNotExist: base.html

The above exception was the direct cause of the following exception:

Traceback (most recent call last):
  File "C:\Users\kapa-\PycharmProjects\pythonDjango\venv\Lib\site-packages\django\core\handlers\exception.py", line 55, in inner
    response = get_response(request)
               ^^^^^^^^^^^^^^^^^^^^^
  File "C:\Users\kapa-\PycharmProjects\pythonDjango\venv\Lib\site-packages\django\core\handlers\base.py", line 197, in _get_response
    response = wrapped_callback(request, *callback_args, **callback_kwargs)
               ^^^^^^^^^^^^^^^^^^^^^^^^^^^^^^^^^^^^^^^^^^^^^^^^^^^^^^^^^^^^
  File "C:\Users\kapa-\PycharmProjects\pythonDjango\myproject\myapp3\views.py", line 73, in index
    return render(request, "myapp3/index.html")
           ^^^^^^^^^^^^^^^^^^^^^^^^^^^^^^^^^^^^
  File "C:\Users\kapa-\PycharmProjects\pythonDjango\venv\Lib\site-packages\django\shortcuts.py", line 24, in render
    content = loader.render_to_string(template_name, context, request, using=using)
              ^^^^^^^^^^^^^^^^^^^^^^^^^^^^^^^^^^^^^^^^^^^^^^^^^^^^^^^^^^^^^^^^^^^^^
  File "C:\Users\kapa-\PycharmProjects\pythonDjango\venv\Lib\site-packages\django\template\loader.py", line 62, in render_to_string
    return template.render(context, request)
           ^^^^^^^^^^^^^^^^^^^^^^^^^^^^^^^^^
  File "C:\Users\kapa-\PycharmProjects\pythonDjango\venv\Lib\site-packages\django\template\backends\django.py", line 63, in render
    reraise(exc, self.backend)
  File "C:\Users\kapa-\PycharmProjects\pythonDjango\venv\Lib\site-packages\django\template\backends\django.py", line 84, in reraise
    raise new from exc
django.template.exceptions.TemplateDoesNotExist: base.html
ERROR 2023-10-06 22:24:33,352 basehttp 4740 6196 "GET /les3/index/ HTTP/1.1" 500 131349
ERROR 2023-10-06 22:25:00,630 log 4740 6196 Internal Server Error: /les3/index/
Traceback (most recent call last):
  File "C:\Users\kapa-\PycharmProjects\pythonDjango\venv\Lib\site-packages\django\template\backends\django.py", line 61, in render
    return self.template.render(context)
           ^^^^^^^^^^^^^^^^^^^^^^^^^^^^^
  File "C:\Users\kapa-\PycharmProjects\pythonDjango\venv\Lib\site-packages\django\template\base.py", line 175, in render
    return self._render(context)
           ^^^^^^^^^^^^^^^^^^^^^
  File "C:\Users\kapa-\PycharmProjects\pythonDjango\venv\Lib\site-packages\django\template\base.py", line 167, in _render
    return self.nodelist.render(context)
           ^^^^^^^^^^^^^^^^^^^^^^^^^^^^^
  File "C:\Users\kapa-\PycharmProjects\pythonDjango\venv\Lib\site-packages\django\template\base.py", line 1005, in render
    return SafeString("".join([node.render_annotated(context) for node in self]))
                              ^^^^^^^^^^^^^^^^^^^^^^^^^^^^^^^^^^^^^^^^^^^^^^^^^
  File "C:\Users\kapa-\PycharmProjects\pythonDjango\venv\Lib\site-packages\django\template\base.py", line 1005, in <listcomp>
    return SafeString("".join([node.render_annotated(context) for node in self]))
                               ^^^^^^^^^^^^^^^^^^^^^^^^^^^^^^
  File "C:\Users\kapa-\PycharmProjects\pythonDjango\venv\Lib\site-packages\django\template\base.py", line 966, in render_annotated
    return self.render(context)
           ^^^^^^^^^^^^^^^^^^^^
  File "C:\Users\kapa-\PycharmProjects\pythonDjango\venv\Lib\site-packages\django\template\loader_tags.py", line 132, in render
    compiled_parent = self.get_parent(context)
                      ^^^^^^^^^^^^^^^^^^^^^^^^
  File "C:\Users\kapa-\PycharmProjects\pythonDjango\venv\Lib\site-packages\django\template\loader_tags.py", line 129, in get_parent
    return self.find_template(parent, context)
           ^^^^^^^^^^^^^^^^^^^^^^^^^^^^^^^^^^^
  File "C:\Users\kapa-\PycharmProjects\pythonDjango\venv\Lib\site-packages\django\template\loader_tags.py", line 107, in find_template
    template, origin = context.template.engine.find_template(
                       ^^^^^^^^^^^^^^^^^^^^^^^^^^^^^^^^^^^^^^
  File "C:\Users\kapa-\PycharmProjects\pythonDjango\venv\Lib\site-packages\django\template\engine.py", line 161, in find_template
    raise TemplateDoesNotExist(name, tried=tried)
django.template.exceptions.TemplateDoesNotExist: base.html

The above exception was the direct cause of the following exception:

Traceback (most recent call last):
  File "C:\Users\kapa-\PycharmProjects\pythonDjango\venv\Lib\site-packages\django\core\handlers\exception.py", line 55, in inner
    response = get_response(request)
               ^^^^^^^^^^^^^^^^^^^^^
  File "C:\Users\kapa-\PycharmProjects\pythonDjango\venv\Lib\site-packages\django\core\handlers\base.py", line 197, in _get_response
    response = wrapped_callback(request, *callback_args, **callback_kwargs)
               ^^^^^^^^^^^^^^^^^^^^^^^^^^^^^^^^^^^^^^^^^^^^^^^^^^^^^^^^^^^^
  File "C:\Users\kapa-\PycharmProjects\pythonDjango\myproject\myapp3\views.py", line 73, in index
    return render(request, "myapp3/index.html")
           ^^^^^^^^^^^^^^^^^^^^^^^^^^^^^^^^^^^^
  File "C:\Users\kapa-\PycharmProjects\pythonDjango\venv\Lib\site-packages\django\shortcuts.py", line 24, in render
    content = loader.render_to_string(template_name, context, request, using=using)
              ^^^^^^^^^^^^^^^^^^^^^^^^^^^^^^^^^^^^^^^^^^^^^^^^^^^^^^^^^^^^^^^^^^^^^
  File "C:\Users\kapa-\PycharmProjects\pythonDjango\venv\Lib\site-packages\django\template\loader.py", line 62, in render_to_string
    return template.render(context, request)
           ^^^^^^^^^^^^^^^^^^^^^^^^^^^^^^^^^
  File "C:\Users\kapa-\PycharmProjects\pythonDjango\venv\Lib\site-packages\django\template\backends\django.py", line 63, in render
    reraise(exc, self.backend)
  File "C:\Users\kapa-\PycharmProjects\pythonDjango\venv\Lib\site-packages\django\template\backends\django.py", line 84, in reraise
    raise new from exc
django.template.exceptions.TemplateDoesNotExist: base.html
ERROR 2023-10-06 22:25:00,642 basehttp 4740 6196 "GET /les3/index/ HTTP/1.1" 500 131349
ERROR 2023-10-06 22:25:04,895 log 4740 6196 Internal Server Error: /les3/index/
Traceback (most recent call last):
  File "C:\Users\kapa-\PycharmProjects\pythonDjango\venv\Lib\site-packages\django\template\backends\django.py", line 61, in render
    return self.template.render(context)
           ^^^^^^^^^^^^^^^^^^^^^^^^^^^^^
  File "C:\Users\kapa-\PycharmProjects\pythonDjango\venv\Lib\site-packages\django\template\base.py", line 175, in render
    return self._render(context)
           ^^^^^^^^^^^^^^^^^^^^^
  File "C:\Users\kapa-\PycharmProjects\pythonDjango\venv\Lib\site-packages\django\template\base.py", line 167, in _render
    return self.nodelist.render(context)
           ^^^^^^^^^^^^^^^^^^^^^^^^^^^^^
  File "C:\Users\kapa-\PycharmProjects\pythonDjango\venv\Lib\site-packages\django\template\base.py", line 1005, in render
    return SafeString("".join([node.render_annotated(context) for node in self]))
                              ^^^^^^^^^^^^^^^^^^^^^^^^^^^^^^^^^^^^^^^^^^^^^^^^^
  File "C:\Users\kapa-\PycharmProjects\pythonDjango\venv\Lib\site-packages\django\template\base.py", line 1005, in <listcomp>
    return SafeString("".join([node.render_annotated(context) for node in self]))
                               ^^^^^^^^^^^^^^^^^^^^^^^^^^^^^^
  File "C:\Users\kapa-\PycharmProjects\pythonDjango\venv\Lib\site-packages\django\template\base.py", line 966, in render_annotated
    return self.render(context)
           ^^^^^^^^^^^^^^^^^^^^
  File "C:\Users\kapa-\PycharmProjects\pythonDjango\venv\Lib\site-packages\django\template\loader_tags.py", line 132, in render
    compiled_parent = self.get_parent(context)
                      ^^^^^^^^^^^^^^^^^^^^^^^^
  File "C:\Users\kapa-\PycharmProjects\pythonDjango\venv\Lib\site-packages\django\template\loader_tags.py", line 129, in get_parent
    return self.find_template(parent, context)
           ^^^^^^^^^^^^^^^^^^^^^^^^^^^^^^^^^^^
  File "C:\Users\kapa-\PycharmProjects\pythonDjango\venv\Lib\site-packages\django\template\loader_tags.py", line 107, in find_template
    template, origin = context.template.engine.find_template(
                       ^^^^^^^^^^^^^^^^^^^^^^^^^^^^^^^^^^^^^^
  File "C:\Users\kapa-\PycharmProjects\pythonDjango\venv\Lib\site-packages\django\template\engine.py", line 161, in find_template
    raise TemplateDoesNotExist(name, tried=tried)
django.template.exceptions.TemplateDoesNotExist: base.html

The above exception was the direct cause of the following exception:

Traceback (most recent call last):
  File "C:\Users\kapa-\PycharmProjects\pythonDjango\venv\Lib\site-packages\django\core\handlers\exception.py", line 55, in inner
    response = get_response(request)
               ^^^^^^^^^^^^^^^^^^^^^
  File "C:\Users\kapa-\PycharmProjects\pythonDjango\venv\Lib\site-packages\django\core\handlers\base.py", line 197, in _get_response
    response = wrapped_callback(request, *callback_args, **callback_kwargs)
               ^^^^^^^^^^^^^^^^^^^^^^^^^^^^^^^^^^^^^^^^^^^^^^^^^^^^^^^^^^^^
  File "C:\Users\kapa-\PycharmProjects\pythonDjango\myproject\myapp3\views.py", line 73, in index
    return render(request, "myapp3/index.html")
           ^^^^^^^^^^^^^^^^^^^^^^^^^^^^^^^^^^^^
  File "C:\Users\kapa-\PycharmProjects\pythonDjango\venv\Lib\site-packages\django\shortcuts.py", line 24, in render
    content = loader.render_to_string(template_name, context, request, using=using)
              ^^^^^^^^^^^^^^^^^^^^^^^^^^^^^^^^^^^^^^^^^^^^^^^^^^^^^^^^^^^^^^^^^^^^^
  File "C:\Users\kapa-\PycharmProjects\pythonDjango\venv\Lib\site-packages\django\template\loader.py", line 62, in render_to_string
    return template.render(context, request)
           ^^^^^^^^^^^^^^^^^^^^^^^^^^^^^^^^^
  File "C:\Users\kapa-\PycharmProjects\pythonDjango\venv\Lib\site-packages\django\template\backends\django.py", line 63, in render
    reraise(exc, self.backend)
  File "C:\Users\kapa-\PycharmProjects\pythonDjango\venv\Lib\site-packages\django\template\backends\django.py", line 84, in reraise
    raise new from exc
django.template.exceptions.TemplateDoesNotExist: base.html
ERROR 2023-10-06 22:25:04,906 basehttp 4740 6196 "GET /les3/index/ HTTP/1.1" 500 131349
ERROR 2023-10-06 22:25:05,857 log 4740 6196 Internal Server Error: /les3/index/
Traceback (most recent call last):
  File "C:\Users\kapa-\PycharmProjects\pythonDjango\venv\Lib\site-packages\django\template\backends\django.py", line 61, in render
    return self.template.render(context)
           ^^^^^^^^^^^^^^^^^^^^^^^^^^^^^
  File "C:\Users\kapa-\PycharmProjects\pythonDjango\venv\Lib\site-packages\django\template\base.py", line 175, in render
    return self._render(context)
           ^^^^^^^^^^^^^^^^^^^^^
  File "C:\Users\kapa-\PycharmProjects\pythonDjango\venv\Lib\site-packages\django\template\base.py", line 167, in _render
    return self.nodelist.render(context)
           ^^^^^^^^^^^^^^^^^^^^^^^^^^^^^
  File "C:\Users\kapa-\PycharmProjects\pythonDjango\venv\Lib\site-packages\django\template\base.py", line 1005, in render
    return SafeString("".join([node.render_annotated(context) for node in self]))
                              ^^^^^^^^^^^^^^^^^^^^^^^^^^^^^^^^^^^^^^^^^^^^^^^^^
  File "C:\Users\kapa-\PycharmProjects\pythonDjango\venv\Lib\site-packages\django\template\base.py", line 1005, in <listcomp>
    return SafeString("".join([node.render_annotated(context) for node in self]))
                               ^^^^^^^^^^^^^^^^^^^^^^^^^^^^^^
  File "C:\Users\kapa-\PycharmProjects\pythonDjango\venv\Lib\site-packages\django\template\base.py", line 966, in render_annotated
    return self.render(context)
           ^^^^^^^^^^^^^^^^^^^^
  File "C:\Users\kapa-\PycharmProjects\pythonDjango\venv\Lib\site-packages\django\template\loader_tags.py", line 132, in render
    compiled_parent = self.get_parent(context)
                      ^^^^^^^^^^^^^^^^^^^^^^^^
  File "C:\Users\kapa-\PycharmProjects\pythonDjango\venv\Lib\site-packages\django\template\loader_tags.py", line 129, in get_parent
    return self.find_template(parent, context)
           ^^^^^^^^^^^^^^^^^^^^^^^^^^^^^^^^^^^
  File "C:\Users\kapa-\PycharmProjects\pythonDjango\venv\Lib\site-packages\django\template\loader_tags.py", line 107, in find_template
    template, origin = context.template.engine.find_template(
                       ^^^^^^^^^^^^^^^^^^^^^^^^^^^^^^^^^^^^^^
  File "C:\Users\kapa-\PycharmProjects\pythonDjango\venv\Lib\site-packages\django\template\engine.py", line 161, in find_template
    raise TemplateDoesNotExist(name, tried=tried)
django.template.exceptions.TemplateDoesNotExist: base.html

The above exception was the direct cause of the following exception:

Traceback (most recent call last):
  File "C:\Users\kapa-\PycharmProjects\pythonDjango\venv\Lib\site-packages\django\core\handlers\exception.py", line 55, in inner
    response = get_response(request)
               ^^^^^^^^^^^^^^^^^^^^^
  File "C:\Users\kapa-\PycharmProjects\pythonDjango\venv\Lib\site-packages\django\core\handlers\base.py", line 197, in _get_response
    response = wrapped_callback(request, *callback_args, **callback_kwargs)
               ^^^^^^^^^^^^^^^^^^^^^^^^^^^^^^^^^^^^^^^^^^^^^^^^^^^^^^^^^^^^
  File "C:\Users\kapa-\PycharmProjects\pythonDjango\myproject\myapp3\views.py", line 73, in index
    return render(request, "myapp3/index.html")
           ^^^^^^^^^^^^^^^^^^^^^^^^^^^^^^^^^^^^
  File "C:\Users\kapa-\PycharmProjects\pythonDjango\venv\Lib\site-packages\django\shortcuts.py", line 24, in render
    content = loader.render_to_string(template_name, context, request, using=using)
              ^^^^^^^^^^^^^^^^^^^^^^^^^^^^^^^^^^^^^^^^^^^^^^^^^^^^^^^^^^^^^^^^^^^^^
  File "C:\Users\kapa-\PycharmProjects\pythonDjango\venv\Lib\site-packages\django\template\loader.py", line 62, in render_to_string
    return template.render(context, request)
           ^^^^^^^^^^^^^^^^^^^^^^^^^^^^^^^^^
  File "C:\Users\kapa-\PycharmProjects\pythonDjango\venv\Lib\site-packages\django\template\backends\django.py", line 63, in render
    reraise(exc, self.backend)
  File "C:\Users\kapa-\PycharmProjects\pythonDjango\venv\Lib\site-packages\django\template\backends\django.py", line 84, in reraise
    raise new from exc
django.template.exceptions.TemplateDoesNotExist: base.html
ERROR 2023-10-06 22:25:05,867 basehttp 4740 6196 "GET /les3/index/ HTTP/1.1" 500 131349
ERROR 2023-10-06 22:25:06,270 log 4740 6196 Internal Server Error: /les3/index/
Traceback (most recent call last):
  File "C:\Users\kapa-\PycharmProjects\pythonDjango\venv\Lib\site-packages\django\template\backends\django.py", line 61, in render
    return self.template.render(context)
           ^^^^^^^^^^^^^^^^^^^^^^^^^^^^^
  File "C:\Users\kapa-\PycharmProjects\pythonDjango\venv\Lib\site-packages\django\template\base.py", line 175, in render
    return self._render(context)
           ^^^^^^^^^^^^^^^^^^^^^
  File "C:\Users\kapa-\PycharmProjects\pythonDjango\venv\Lib\site-packages\django\template\base.py", line 167, in _render
    return self.nodelist.render(context)
           ^^^^^^^^^^^^^^^^^^^^^^^^^^^^^
  File "C:\Users\kapa-\PycharmProjects\pythonDjango\venv\Lib\site-packages\django\template\base.py", line 1005, in render
    return SafeString("".join([node.render_annotated(context) for node in self]))
                              ^^^^^^^^^^^^^^^^^^^^^^^^^^^^^^^^^^^^^^^^^^^^^^^^^
  File "C:\Users\kapa-\PycharmProjects\pythonDjango\venv\Lib\site-packages\django\template\base.py", line 1005, in <listcomp>
    return SafeString("".join([node.render_annotated(context) for node in self]))
                               ^^^^^^^^^^^^^^^^^^^^^^^^^^^^^^
  File "C:\Users\kapa-\PycharmProjects\pythonDjango\venv\Lib\site-packages\django\template\base.py", line 966, in render_annotated
    return self.render(context)
           ^^^^^^^^^^^^^^^^^^^^
  File "C:\Users\kapa-\PycharmProjects\pythonDjango\venv\Lib\site-packages\django\template\loader_tags.py", line 132, in render
    compiled_parent = self.get_parent(context)
                      ^^^^^^^^^^^^^^^^^^^^^^^^
  File "C:\Users\kapa-\PycharmProjects\pythonDjango\venv\Lib\site-packages\django\template\loader_tags.py", line 129, in get_parent
    return self.find_template(parent, context)
           ^^^^^^^^^^^^^^^^^^^^^^^^^^^^^^^^^^^
  File "C:\Users\kapa-\PycharmProjects\pythonDjango\venv\Lib\site-packages\django\template\loader_tags.py", line 107, in find_template
    template, origin = context.template.engine.find_template(
                       ^^^^^^^^^^^^^^^^^^^^^^^^^^^^^^^^^^^^^^
  File "C:\Users\kapa-\PycharmProjects\pythonDjango\venv\Lib\site-packages\django\template\engine.py", line 161, in find_template
    raise TemplateDoesNotExist(name, tried=tried)
django.template.exceptions.TemplateDoesNotExist: base.html

The above exception was the direct cause of the following exception:

Traceback (most recent call last):
  File "C:\Users\kapa-\PycharmProjects\pythonDjango\venv\Lib\site-packages\django\core\handlers\exception.py", line 55, in inner
    response = get_response(request)
               ^^^^^^^^^^^^^^^^^^^^^
  File "C:\Users\kapa-\PycharmProjects\pythonDjango\venv\Lib\site-packages\django\core\handlers\base.py", line 197, in _get_response
    response = wrapped_callback(request, *callback_args, **callback_kwargs)
               ^^^^^^^^^^^^^^^^^^^^^^^^^^^^^^^^^^^^^^^^^^^^^^^^^^^^^^^^^^^^
  File "C:\Users\kapa-\PycharmProjects\pythonDjango\myproject\myapp3\views.py", line 73, in index
    return render(request, "myapp3/index.html")
           ^^^^^^^^^^^^^^^^^^^^^^^^^^^^^^^^^^^^
  File "C:\Users\kapa-\PycharmProjects\pythonDjango\venv\Lib\site-packages\django\shortcuts.py", line 24, in render
    content = loader.render_to_string(template_name, context, request, using=using)
              ^^^^^^^^^^^^^^^^^^^^^^^^^^^^^^^^^^^^^^^^^^^^^^^^^^^^^^^^^^^^^^^^^^^^^
  File "C:\Users\kapa-\PycharmProjects\pythonDjango\venv\Lib\site-packages\django\template\loader.py", line 62, in render_to_string
    return template.render(context, request)
           ^^^^^^^^^^^^^^^^^^^^^^^^^^^^^^^^^
  File "C:\Users\kapa-\PycharmProjects\pythonDjango\venv\Lib\site-packages\django\template\backends\django.py", line 63, in render
    reraise(exc, self.backend)
  File "C:\Users\kapa-\PycharmProjects\pythonDjango\venv\Lib\site-packages\django\template\backends\django.py", line 84, in reraise
    raise new from exc
django.template.exceptions.TemplateDoesNotExist: base.html
ERROR 2023-10-06 22:25:06,279 basehttp 4740 6196 "GET /les3/index/ HTTP/1.1" 500 131349
INFO 2023-10-06 22:25:55,223 autoreload 6512 13580 Watching for file changes with StatReloader
INFO 2023-10-06 22:26:10,839 basehttp 6512 15752 "GET /les3/index/ HTTP/1.1" 200 299
INFO 2023-10-06 22:27:08,123 autoreload 6512 13580 C:\Users\kapa-\PycharmProjects\pythonDjango\myproject\myproject\urls.py changed, reloading.
INFO 2023-10-06 22:27:09,356 autoreload 6640 20376 Watching for file changes with StatReloader
INFO 2023-10-06 22:28:42,539 autoreload 6640 20376 C:\Users\kapa-\PycharmProjects\pythonDjango\myproject\myproject\urls.py changed, reloading.
INFO 2023-10-06 22:28:43,664 autoreload 14920 10460 Watching for file changes with StatReloader
INFO 2023-10-06 22:37:05,203 basehttp 14920 10480 "GET / HTTP/1.1" 200 299
INFO 2023-10-06 22:38:47,535 autoreload 14920 10460 C:\Users\kapa-\PycharmProjects\pythonDjango\myproject\myapp3\models.py changed, reloading.
INFO 2023-10-06 22:38:55,905 autoreload 8288 14412 Watching for file changes with StatReloader
INFO 2023-10-06 22:39:13,717 autoreload 8288 14412 C:\Users\kapa-\PycharmProjects\pythonDjango\myproject\myapp3\models.py changed, reloading.
INFO 2023-10-06 22:39:14,944 autoreload 13680 332 Watching for file changes with StatReloader
INFO 2023-10-06 22:41:14,552 autoreload 13680 332 C:\Users\kapa-\PycharmProjects\pythonDjango\myproject\myapp3\models.py changed, reloading.
INFO 2023-10-06 22:41:15,637 autoreload 21300 7780 Watching for file changes with StatReloader
INFO 2023-10-06 23:17:39,475 autoreload 5052 15776 Watching for file changes with StatReloader
INFO 2023-10-06 23:18:26,971 basehttp 5052 19196 "GET /les3/author/5/ HTTP/1.1" 200 1217
INFO 2023-10-06 23:19:27,022 basehttp 5052 20924 "GET /les3/post/48/ HTTP/1.1" 200 728
INFO 2023-10-06 23:19:32,774 basehttp 5052 20924 "GET /les3/post/47/ HTTP/1.1" 200 690
INFO 2023-10-06 23:19:36,793 basehttp 5052 20924 "GET /les3/post/50/ HTTP/1.1" 200 706
INFO 2023-10-09 18:39:14,009 autoreload 21004 18388 Watching for file changes with StatReloader
WARNING 2023-10-09 18:39:58,128 log 21004 16088 Not Found: /les4/myapp4/user_form
WARNING 2023-10-09 18:39:58,130 basehttp 21004 16088 "GET /les4/myapp4/user_form HTTP/1.1" 404 2634
WARNING 2023-10-09 18:39:58,919 log 21004 16088 Not Found: /favicon.ico
WARNING 2023-10-09 18:39:58,920 basehttp 21004 16088 "GET /favicon.ico HTTP/1.1" 404 2530
INFO 2023-10-09 18:40:15,644 basehttp 21004 16088 "GET /les4/user/add/ HTTP/1.1" 200 954
INFO 2023-10-09 19:06:28,846 autoreload 21004 18388 C:\Users\kapa-\PycharmProjects\pythonDjango\myproject\myapp4\forms.py changed, reloading.
INFO 2023-10-09 19:06:38,087 autoreload 20264 1728 Watching for file changes with StatReloader
INFO 2023-10-09 19:07:17,867 autoreload 20264 1728 C:\Users\kapa-\PycharmProjects\pythonDjango\myproject\myapp4\forms.py changed, reloading.
INFO 2023-10-09 19:07:19,132 autoreload 13160 1536 Watching for file changes with StatReloader
INFO 2023-10-09 19:07:46,470 autoreload 13160 1536 C:\Users\kapa-\PycharmProjects\pythonDjango\myproject\myapp4\forms.py changed, reloading.
INFO 2023-10-09 19:07:47,600 autoreload 10288 8460 Watching for file changes with StatReloader
INFO 2023-10-09 19:08:12,321 basehttp 10288 9320 "GET / HTTP/1.1" 200 299
INFO 2023-10-09 19:08:24,979 basehttp 10288 9320 "GET /les4/user/add/ HTTP/1.1" 200 954
INFO 2023-10-09 19:11:00,733 autoreload 10288 8460 C:\Users\kapa-\PycharmProjects\pythonDjango\myproject\myapp4\views.py changed, reloading.
INFO 2023-10-09 19:11:02,708 autoreload 18288 8808 Watching for file changes with StatReloader
INFO 2023-10-09 19:12:13,264 autoreload 18288 8808 C:\Users\kapa-\PycharmProjects\pythonDjango\myproject\myapp4\views.py changed, reloading.
INFO 2023-10-09 19:12:14,642 autoreload 15512 5980 Watching for file changes with StatReloader
INFO 2023-10-09 19:15:11,463 autoreload 15512 5980 C:\Users\kapa-\PycharmProjects\pythonDjango\myproject\myapp4\urls.py changed, reloading.
INFO 2023-10-09 19:15:12,561 autoreload 15236 19100 Watching for file changes with StatReloader
WARNING 2023-10-09 19:17:59,149 log 15236 19296 Not Found: /les4/user/forms
WARNING 2023-10-09 19:17:59,150 basehttp 15236 19296 "GET /les4/user/forms HTTP/1.1" 404 2799
INFO 2023-10-09 19:18:32,034 basehttp 15236 19296 "GET /les4/forms/ HTTP/1.1" 200 1497
INFO 2023-10-09 19:19:50,710 basehttp 15236 14556 "POST /les4/forms/ HTTP/1.1" 200 1570
INFO 2023-10-09 19:20:07,627 basehttp 15236 14556 "POST /les4/forms/ HTTP/1.1" 200 1570
INFO 2023-10-09 19:21:02,690 basehttp 15236 16732 "POST /les4/forms/ HTTP/1.1" 200 1570
INFO 2023-10-09 19:21:12,194 basehttp 15236 3384 "POST /les4/forms/ HTTP/1.1" 200 1570
INFO 2023-10-09 19:21:13,721 basehttp 15236 3384 "POST /les4/forms/ HTTP/1.1" 200 1570
INFO 2023-10-09 19:21:14,206 basehttp 15236 3384 "POST /les4/forms/ HTTP/1.1" 200 1570
INFO 2023-10-09 19:21:14,599 basehttp 15236 3384 "POST /les4/forms/ HTTP/1.1" 200 1570
INFO 2023-10-09 19:21:33,099 basehttp 15236 3384 "POST /les4/forms/ HTTP/1.1" 200 1571
INFO 2023-10-09 19:21:42,527 basehttp 15236 3384 "POST /les4/forms/ HTTP/1.1" 200 1571
INFO 2023-10-09 19:22:54,759 basehttp 15236 908 "POST /les4/forms/ HTTP/1.1" 200 1572
INFO 2023-10-09 19:39:18,940 basehttp 15236 16064 "POST /les4/forms/ HTTP/1.1" 200 1572
INFO 2023-10-09 19:39:43,831 autoreload 15236 19100 C:\Users\kapa-\PycharmProjects\pythonDjango\myproject\myapp4\views.py changed, reloading.
INFO 2023-10-09 19:39:55,944 autoreload 19452 13108 Watching for file changes with StatReloader
ERROR 2023-10-09 19:40:06,441 log 19452 788 Internal Server Error: /les4/forms/
Traceback (most recent call last):
  File "C:\Users\kapa-\PycharmProjects\pythonDjango\venv\Lib\site-packages\django\core\handlers\exception.py", line 55, in inner
    response = get_response(request)
               ^^^^^^^^^^^^^^^^^^^^^
  File "C:\Users\kapa-\PycharmProjects\pythonDjango\venv\Lib\site-packages\django\core\handlers\base.py", line 197, in _get_response
    response = wrapped_callback(request, *callback_args, **callback_kwargs)
               ^^^^^^^^^^^^^^^^^^^^^^^^^^^^^^^^^^^^^^^^^^^^^^^^^^^^^^^^^^^^
  File "C:\Users\kapa-\PycharmProjects\pythonDjango\myproject\myapp4\views.py", line 26, in many_fields_form
    logger.info(f' {form.cleaned_data=}.')
                            ^^^^^^^^^^^^^^^^^
AttributeError: 'ManyFieldsForm' object has no attribute 'cleaned_data'
ERROR 2023-10-09 19:40:06,445 basehttp 19452 788 "POST /les4/forms/ HTTP/1.1" 500 69843
INFO 2023-10-09 19:40:22,818 autoreload 19452 13108 C:\Users\kapa-\PycharmProjects\pythonDjango\myproject\myapp4\views.py changed, reloading.
INFO 2023-10-09 19:40:23,884 autoreload 16892 19828 Watching for file changes with StatReloader
INFO 2023-10-09 19:40:28,967 basehttp 16892 13420 "POST /les4/forms/ HTTP/1.1" 200 1572
INFO 2023-10-09 19:40:31,518 basehttp 16892 13420 "POST /les4/forms/ HTTP/1.1" 200 1572
INFO 2023-10-09 19:48:58,675 autoreload 16892 19828 C:\Users\kapa-\PycharmProjects\pythonDjango\myproject\myapp4\views.py changed, reloading.
INFO 2023-10-09 19:48:59,802 autoreload 17028 17476 Watching for file changes with StatReloader
INFO 2023-10-09 19:58:26,246 autoreload 17028 17476 C:\Users\kapa-\PycharmProjects\pythonDjango\myproject\myapp4\views.py changed, reloading.
INFO 2023-10-09 19:58:27,783 autoreload 13492 6380 Watching for file changes with StatReloader
INFO 2023-10-09 19:58:50,155 autoreload 13492 6380 C:\Users\kapa-\PycharmProjects\pythonDjango\myproject\myapp4\views.py changed, reloading.
INFO 2023-10-09 19:58:51,320 autoreload 5536 7444 Watching for file changes with StatReloader
INFO 2023-10-09 19:59:44,539 basehttp 5536 16144 "POST /les4/forms/ HTTP/1.1" 200 2251
INFO 2023-10-09 20:00:33,408 basehttp 5536 16144 "POST /les4/forms/ HTTP/1.1" 200 2213
INFO 2023-10-09 20:12:24,887 autoreload 5536 7444 C:\Users\kapa-\PycharmProjects\pythonDjango\myproject\myapp4\forms.py changed, reloading.
INFO 2023-10-09 20:12:26,268 autoreload 5880 15692 Watching for file changes with StatReloader
INFO 2023-10-09 20:13:38,904 autoreload 5880 15692 C:\Users\kapa-\PycharmProjects\pythonDjango\myproject\myapp4\forms.py changed, reloading.
INFO 2023-10-09 20:13:40,065 autoreload 18788 11656 Watching for file changes with StatReloader
INFO 2023-10-09 20:18:30,386 autoreload 18788 11656 C:\Users\kapa-\PycharmProjects\pythonDjango\myproject\myapp4\models.py changed, reloading.
INFO 2023-10-09 20:18:31,656 autoreload 20992 9284 Watching for file changes with StatReloader
INFO 2023-10-09 20:19:38,641 autoreload 20992 9284 C:\Users\kapa-\PycharmProjects\pythonDjango\myproject\myapp4\models.py changed, reloading.
INFO 2023-10-09 20:19:39,707 autoreload 18296 1400 Watching for file changes with StatReloader
INFO 2023-10-09 20:21:08,326 autoreload 18296 1400 C:\Users\kapa-\PycharmProjects\pythonDjango\myproject\myapp4\models.py changed, reloading.
INFO 2023-10-09 20:21:09,528 autoreload 8216 18252 Watching for file changes with StatReloader
INFO 2023-10-09 20:21:45,664 autoreload 8216 18252 C:\Users\kapa-\PycharmProjects\pythonDjango\myproject\myapp4\models.py changed, reloading.
INFO 2023-10-09 20:21:46,936 autoreload 10072 17312 Watching for file changes with StatReloader
INFO 2023-10-09 20:34:19,604 autoreload 18848 20876 Watching for file changes with StatReloader
WARNING 2023-10-09 20:34:46,118 log 18848 2456 Not Found: /user/
WARNING 2023-10-09 20:34:46,120 basehttp 18848 2456 "GET /user/ HTTP/1.1" 404 2512
INFO 2023-10-09 20:35:14,343 basehttp 18848 2456 "GET /les4/user/ HTTP/1.1" 200 994
INFO 2023-10-09 20:36:10,275 basehttp 18848 2456 "GET /les4/user/ HTTP/1.1" 200 933
INFO 2023-10-09 20:36:57,448 basehttp 18848 2456 "POST /les4/user/ HTTP/1.1" 200 1084
INFO 2023-10-09 20:37:24,394 basehttp 18848 2456 "POST /les4/user/ HTTP/1.1" 200 1089
INFO 2023-10-09 20:37:33,713 basehttp 18848 2456 "POST /les4/user/ HTTP/1.1" 200 1089
INFO 2023-10-09 20:38:01,925 basehttp 18848 2456 "POST /les4/user/ HTTP/1.1" 200 992
INFO 2023-10-13 05:08:28,468 autoreload 11648 13232 Watching for file changes with StatReloader
INFO 2023-10-13 05:09:16,979 basehttp 11648 17128 "GET /admin HTTP/1.1" 301 0
INFO 2023-10-13 05:09:17,061 basehttp 11648 16524 "GET /admin/ HTTP/1.1" 302 0
INFO 2023-10-13 05:09:17,538 basehttp 11648 16524 "GET /admin/login/?next=/admin/ HTTP/1.1" 200 4181
INFO 2023-10-13 05:09:18,030 basehttp 11648 15952 "GET /static/admin/css/dark_mode.css HTTP/1.1" 200 2929
INFO 2023-10-13 05:09:18,061 basehttp 11648 16524 "GET /static/admin/css/base.css HTTP/1.1" 200 21207
INFO 2023-10-13 05:09:18,098 basehttp 11648 14440 "GET /static/admin/css/responsive.css HTTP/1.1" 200 18533
INFO 2023-10-13 05:09:18,114 basehttp 11648 18948 "GET /static/admin/css/login.css HTTP/1.1" 200 958
INFO 2023-10-13 05:09:18,123 basehttp 11648 14004 "GET /static/admin/css/nav_sidebar.css HTTP/1.1" 200 2694
INFO 2023-10-13 05:09:18,211 basehttp 11648 16524 "GET /static/admin/js/theme.js HTTP/1.1" 200 1943
INFO 2023-10-13 05:09:18,214 basehttp 11648 15952 "GET /static/admin/js/nav_sidebar.js HTTP/1.1" 200 3063
WARNING 2023-10-13 05:09:18,457 log 11648 15952 Not Found: /favicon.ico
WARNING 2023-10-13 05:09:18,458 basehttp 11648 15952 "GET /favicon.ico HTTP/1.1" 404 2530
INFO 2023-10-13 05:11:00,769 autoreload 11648 13232 C:\Users\kapa-\PycharmProjects\pythonDjango\myproject\myproject\settings.py changed, reloading.
INFO 2023-10-13 05:11:02,323 autoreload 13028 2352 Watching for file changes with StatReloader
INFO 2023-10-13 05:11:03,015 basehttp 13028 13664 "GET /admin/login/?next=/admin/ HTTP/1.1" 200 4267
INFO 2023-10-13 05:19:39,889 autoreload 2484 14088 Watching for file changes with StatReloader
INFO 2023-10-13 05:19:44,029 basehttp 2484 9948 "GET /admin/login/?next=/admin/ HTTP/1.1" 200 4267
ERROR 2023-10-13 05:20:04,274 log 2484 9948 Internal Server Error: /admin/login/
Traceback (most recent call last):
  File "C:\Users\kapa-\PycharmProjects\pythonDjango\venv\Lib\site-packages\django\db\backends\base\base.py", line 313, in _commit
    return self.connection.commit()
           ^^^^^^^^^^^^^^^^^^^^^^^^
sqlite3.OperationalError: database is locked

The above exception was the direct cause of the following exception:

Traceback (most recent call last):
  File "C:\Users\kapa-\PycharmProjects\pythonDjango\venv\Lib\site-packages\django\core\handlers\exception.py", line 55, in inner
    response = get_response(request)
               ^^^^^^^^^^^^^^^^^^^^^
  File "C:\Users\kapa-\PycharmProjects\pythonDjango\venv\Lib\site-packages\django\core\handlers\base.py", line 197, in _get_response
    response = wrapped_callback(request, *callback_args, **callback_kwargs)
               ^^^^^^^^^^^^^^^^^^^^^^^^^^^^^^^^^^^^^^^^^^^^^^^^^^^^^^^^^^^^
  File "C:\Users\kapa-\PycharmProjects\pythonDjango\venv\Lib\site-packages\django\utils\decorators.py", line 46, in _wrapper
    return bound_method(*args, **kwargs)
           ^^^^^^^^^^^^^^^^^^^^^^^^^^^^^
  File "C:\Users\kapa-\PycharmProjects\pythonDjango\venv\Lib\site-packages\django\views\decorators\cache.py", line 62, in _wrapper_view_func
    response = view_func(request, *args, **kwargs)
               ^^^^^^^^^^^^^^^^^^^^^^^^^^^^^^^^^^^
  File "C:\Users\kapa-\PycharmProjects\pythonDjango\venv\Lib\site-packages\django\contrib\admin\sites.py", line 441, in login
    return LoginView.as_view(**defaults)(request)
           ^^^^^^^^^^^^^^^^^^^^^^^^^^^^^^^^^^^^^^
  File "C:\Users\kapa-\PycharmProjects\pythonDjango\venv\Lib\site-packages\django\views\generic\base.py", line 104, in view
    return self.dispatch(request, *args, **kwargs)
           ^^^^^^^^^^^^^^^^^^^^^^^^^^^^^^^^^^^^^^^
  File "C:\Users\kapa-\PycharmProjects\pythonDjango\venv\Lib\site-packages\django\utils\decorators.py", line 46, in _wrapper
    return bound_method(*args, **kwargs)
           ^^^^^^^^^^^^^^^^^^^^^^^^^^^^^
  File "C:\Users\kapa-\PycharmProjects\pythonDjango\venv\Lib\site-packages\django\views\decorators\debug.py", line 92, in sensitive_post_parameters_wrapper
    return view(request, *args, **kwargs)
           ^^^^^^^^^^^^^^^^^^^^^^^^^^^^^^
  File "C:\Users\kapa-\PycharmProjects\pythonDjango\venv\Lib\site-packages\django\utils\decorators.py", line 46, in _wrapper
    return bound_method(*args, **kwargs)
           ^^^^^^^^^^^^^^^^^^^^^^^^^^^^^
  File "C:\Users\kapa-\PycharmProjects\pythonDjango\venv\Lib\site-packages\django\utils\decorators.py", line 134, in _wrapper_view
    response = view_func(request, *args, **kwargs)
               ^^^^^^^^^^^^^^^^^^^^^^^^^^^^^^^^^^^
  File "C:\Users\kapa-\PycharmProjects\pythonDjango\venv\Lib\site-packages\django\utils\decorators.py", line 46, in _wrapper
    return bound_method(*args, **kwargs)
           ^^^^^^^^^^^^^^^^^^^^^^^^^^^^^
  File "C:\Users\kapa-\PycharmProjects\pythonDjango\venv\Lib\site-packages\django\views\decorators\cache.py", line 62, in _wrapper_view_func
    response = view_func(request, *args, **kwargs)
               ^^^^^^^^^^^^^^^^^^^^^^^^^^^^^^^^^^^
  File "C:\Users\kapa-\PycharmProjects\pythonDjango\venv\Lib\site-packages\django\contrib\auth\views.py", line 90, in dispatch
    return super().dispatch(request, *args, **kwargs)
           ^^^^^^^^^^^^^^^^^^^^^^^^^^^^^^^^^^^^^^^^^^
  File "C:\Users\kapa-\PycharmProjects\pythonDjango\venv\Lib\site-packages\django\views\generic\base.py", line 143, in dispatch
    return handler(request, *args, **kwargs)
           ^^^^^^^^^^^^^^^^^^^^^^^^^^^^^^^^^
  File "C:\Users\kapa-\PycharmProjects\pythonDjango\venv\Lib\site-packages\django\views\generic\edit.py", line 153, in post
    return self.form_valid(form)
           ^^^^^^^^^^^^^^^^^^^^^
  File "C:\Users\kapa-\PycharmProjects\pythonDjango\venv\Lib\site-packages\django\contrib\auth\views.py", line 109, in form_valid
    auth_login(self.request, form.get_user())
  File "C:\Users\kapa-\PycharmProjects\pythonDjango\venv\Lib\site-packages\django\contrib\auth\__init__.py", line 118, in login
    request.session.cycle_key()
  File "C:\Users\kapa-\PycharmProjects\pythonDjango\venv\Lib\site-packages\django\contrib\sessions\backends\base.py", line 304, in cycle_key
    self.create()
  File "C:\Users\kapa-\PycharmProjects\pythonDjango\venv\Lib\site-packages\django\contrib\sessions\backends\db.py", line 54, in create
    self.save(must_create=True)
  File "C:\Users\kapa-\PycharmProjects\pythonDjango\venv\Lib\site-packages\django\contrib\sessions\backends\db.py", line 85, in save
    with transaction.atomic(using=using):
  File "C:\Users\kapa-\PycharmProjects\pythonDjango\venv\Lib\site-packages\django\db\transaction.py", line 263, in __exit__
    connection.commit()
  File "C:\Users\kapa-\PycharmProjects\pythonDjango\venv\Lib\site-packages\django\utils\asyncio.py", line 26, in inner
    return func(*args, **kwargs)
           ^^^^^^^^^^^^^^^^^^^^^
  File "C:\Users\kapa-\PycharmProjects\pythonDjango\venv\Lib\site-packages\django\db\backends\base\base.py", line 337, in commit
    self._commit()
  File "C:\Users\kapa-\PycharmProjects\pythonDjango\venv\Lib\site-packages\django\db\backends\base\base.py", line 312, in _commit
    with debug_transaction(self, "COMMIT"), self.wrap_database_errors:
  File "C:\Users\kapa-\PycharmProjects\pythonDjango\venv\Lib\site-packages\django\db\utils.py", line 91, in __exit__
    raise dj_exc_value.with_traceback(traceback) from exc_value
  File "C:\Users\kapa-\PycharmProjects\pythonDjango\venv\Lib\site-packages\django\db\backends\base\base.py", line 313, in _commit
    return self.connection.commit()
           ^^^^^^^^^^^^^^^^^^^^^^^^
django.db.utils.OperationalError: database is locked
ERROR 2023-10-13 05:20:04,317 basehttp 2484 9948 "POST /admin/login/?next=/admin/ HTTP/1.1" 500 179672
INFO 2023-10-13 05:20:17,128 basehttp 2484 9948 "GET /admin/login/?next=/admin/ HTTP/1.1" 200 4267
INFO 2023-10-13 05:20:22,503 basehttp 2484 9948 "GET /admin/ HTTP/1.1" 302 0
INFO 2023-10-13 05:20:22,529 basehttp 2484 9948 "GET /admin/login/?next=/admin/ HTTP/1.1" 200 4267
ERROR 2023-10-13 05:20:42,904 log 2484 9948 Internal Server Error: /admin/login/
Traceback (most recent call last):
  File "C:\Users\kapa-\PycharmProjects\pythonDjango\venv\Lib\site-packages\django\db\backends\base\base.py", line 313, in _commit
    return self.connection.commit()
           ^^^^^^^^^^^^^^^^^^^^^^^^
sqlite3.OperationalError: database is locked

The above exception was the direct cause of the following exception:

Traceback (most recent call last):
  File "C:\Users\kapa-\PycharmProjects\pythonDjango\venv\Lib\site-packages\django\core\handlers\exception.py", line 55, in inner
    response = get_response(request)
               ^^^^^^^^^^^^^^^^^^^^^
  File "C:\Users\kapa-\PycharmProjects\pythonDjango\venv\Lib\site-packages\django\core\handlers\base.py", line 197, in _get_response
    response = wrapped_callback(request, *callback_args, **callback_kwargs)
               ^^^^^^^^^^^^^^^^^^^^^^^^^^^^^^^^^^^^^^^^^^^^^^^^^^^^^^^^^^^^
  File "C:\Users\kapa-\PycharmProjects\pythonDjango\venv\Lib\site-packages\django\utils\decorators.py", line 46, in _wrapper
    return bound_method(*args, **kwargs)
           ^^^^^^^^^^^^^^^^^^^^^^^^^^^^^
  File "C:\Users\kapa-\PycharmProjects\pythonDjango\venv\Lib\site-packages\django\views\decorators\cache.py", line 62, in _wrapper_view_func
    response = view_func(request, *args, **kwargs)
               ^^^^^^^^^^^^^^^^^^^^^^^^^^^^^^^^^^^
  File "C:\Users\kapa-\PycharmProjects\pythonDjango\venv\Lib\site-packages\django\contrib\admin\sites.py", line 441, in login
    return LoginView.as_view(**defaults)(request)
           ^^^^^^^^^^^^^^^^^^^^^^^^^^^^^^^^^^^^^^
  File "C:\Users\kapa-\PycharmProjects\pythonDjango\venv\Lib\site-packages\django\views\generic\base.py", line 104, in view
    return self.dispatch(request, *args, **kwargs)
           ^^^^^^^^^^^^^^^^^^^^^^^^^^^^^^^^^^^^^^^
  File "C:\Users\kapa-\PycharmProjects\pythonDjango\venv\Lib\site-packages\django\utils\decorators.py", line 46, in _wrapper
    return bound_method(*args, **kwargs)
           ^^^^^^^^^^^^^^^^^^^^^^^^^^^^^
  File "C:\Users\kapa-\PycharmProjects\pythonDjango\venv\Lib\site-packages\django\views\decorators\debug.py", line 92, in sensitive_post_parameters_wrapper
    return view(request, *args, **kwargs)
           ^^^^^^^^^^^^^^^^^^^^^^^^^^^^^^
  File "C:\Users\kapa-\PycharmProjects\pythonDjango\venv\Lib\site-packages\django\utils\decorators.py", line 46, in _wrapper
    return bound_method(*args, **kwargs)
           ^^^^^^^^^^^^^^^^^^^^^^^^^^^^^
  File "C:\Users\kapa-\PycharmProjects\pythonDjango\venv\Lib\site-packages\django\utils\decorators.py", line 134, in _wrapper_view
    response = view_func(request, *args, **kwargs)
               ^^^^^^^^^^^^^^^^^^^^^^^^^^^^^^^^^^^
  File "C:\Users\kapa-\PycharmProjects\pythonDjango\venv\Lib\site-packages\django\utils\decorators.py", line 46, in _wrapper
    return bound_method(*args, **kwargs)
           ^^^^^^^^^^^^^^^^^^^^^^^^^^^^^
  File "C:\Users\kapa-\PycharmProjects\pythonDjango\venv\Lib\site-packages\django\views\decorators\cache.py", line 62, in _wrapper_view_func
    response = view_func(request, *args, **kwargs)
               ^^^^^^^^^^^^^^^^^^^^^^^^^^^^^^^^^^^
  File "C:\Users\kapa-\PycharmProjects\pythonDjango\venv\Lib\site-packages\django\contrib\auth\views.py", line 90, in dispatch
    return super().dispatch(request, *args, **kwargs)
           ^^^^^^^^^^^^^^^^^^^^^^^^^^^^^^^^^^^^^^^^^^
  File "C:\Users\kapa-\PycharmProjects\pythonDjango\venv\Lib\site-packages\django\views\generic\base.py", line 143, in dispatch
    return handler(request, *args, **kwargs)
           ^^^^^^^^^^^^^^^^^^^^^^^^^^^^^^^^^
  File "C:\Users\kapa-\PycharmProjects\pythonDjango\venv\Lib\site-packages\django\views\generic\edit.py", line 153, in post
    return self.form_valid(form)
           ^^^^^^^^^^^^^^^^^^^^^
  File "C:\Users\kapa-\PycharmProjects\pythonDjango\venv\Lib\site-packages\django\contrib\auth\views.py", line 109, in form_valid
    auth_login(self.request, form.get_user())
  File "C:\Users\kapa-\PycharmProjects\pythonDjango\venv\Lib\site-packages\django\contrib\auth\__init__.py", line 118, in login
    request.session.cycle_key()
  File "C:\Users\kapa-\PycharmProjects\pythonDjango\venv\Lib\site-packages\django\contrib\sessions\backends\base.py", line 304, in cycle_key
    self.create()
  File "C:\Users\kapa-\PycharmProjects\pythonDjango\venv\Lib\site-packages\django\contrib\sessions\backends\db.py", line 54, in create
    self.save(must_create=True)
  File "C:\Users\kapa-\PycharmProjects\pythonDjango\venv\Lib\site-packages\django\contrib\sessions\backends\db.py", line 85, in save
    with transaction.atomic(using=using):
  File "C:\Users\kapa-\PycharmProjects\pythonDjango\venv\Lib\site-packages\django\db\transaction.py", line 263, in __exit__
    connection.commit()
  File "C:\Users\kapa-\PycharmProjects\pythonDjango\venv\Lib\site-packages\django\utils\asyncio.py", line 26, in inner
    return func(*args, **kwargs)
           ^^^^^^^^^^^^^^^^^^^^^
  File "C:\Users\kapa-\PycharmProjects\pythonDjango\venv\Lib\site-packages\django\db\backends\base\base.py", line 337, in commit
    self._commit()
  File "C:\Users\kapa-\PycharmProjects\pythonDjango\venv\Lib\site-packages\django\db\backends\base\base.py", line 312, in _commit
    with debug_transaction(self, "COMMIT"), self.wrap_database_errors:
  File "C:\Users\kapa-\PycharmProjects\pythonDjango\venv\Lib\site-packages\django\db\utils.py", line 91, in __exit__
    raise dj_exc_value.with_traceback(traceback) from exc_value
  File "C:\Users\kapa-\PycharmProjects\pythonDjango\venv\Lib\site-packages\django\db\backends\base\base.py", line 313, in _commit
    return self.connection.commit()
           ^^^^^^^^^^^^^^^^^^^^^^^^
django.db.utils.OperationalError: database is locked
ERROR 2023-10-13 05:20:42,919 basehttp 2484 9948 "POST /admin/login/?next=/admin/ HTTP/1.1" 500 179672
ERROR 2023-10-13 05:23:26,633 log 2484 9948 Internal Server Error: /admin/login/
Traceback (most recent call last):
  File "C:\Users\kapa-\PycharmProjects\pythonDjango\venv\Lib\site-packages\django\db\backends\base\base.py", line 313, in _commit
    return self.connection.commit()
           ^^^^^^^^^^^^^^^^^^^^^^^^
sqlite3.OperationalError: database is locked

The above exception was the direct cause of the following exception:

Traceback (most recent call last):
  File "C:\Users\kapa-\PycharmProjects\pythonDjango\venv\Lib\site-packages\django\core\handlers\exception.py", line 55, in inner
    response = get_response(request)
               ^^^^^^^^^^^^^^^^^^^^^
  File "C:\Users\kapa-\PycharmProjects\pythonDjango\venv\Lib\site-packages\django\core\handlers\base.py", line 197, in _get_response
    response = wrapped_callback(request, *callback_args, **callback_kwargs)
               ^^^^^^^^^^^^^^^^^^^^^^^^^^^^^^^^^^^^^^^^^^^^^^^^^^^^^^^^^^^^
  File "C:\Users\kapa-\PycharmProjects\pythonDjango\venv\Lib\site-packages\django\utils\decorators.py", line 46, in _wrapper
    return bound_method(*args, **kwargs)
           ^^^^^^^^^^^^^^^^^^^^^^^^^^^^^
  File "C:\Users\kapa-\PycharmProjects\pythonDjango\venv\Lib\site-packages\django\views\decorators\cache.py", line 62, in _wrapper_view_func
    response = view_func(request, *args, **kwargs)
               ^^^^^^^^^^^^^^^^^^^^^^^^^^^^^^^^^^^
  File "C:\Users\kapa-\PycharmProjects\pythonDjango\venv\Lib\site-packages\django\contrib\admin\sites.py", line 441, in login
    return LoginView.as_view(**defaults)(request)
           ^^^^^^^^^^^^^^^^^^^^^^^^^^^^^^^^^^^^^^
  File "C:\Users\kapa-\PycharmProjects\pythonDjango\venv\Lib\site-packages\django\views\generic\base.py", line 104, in view
    return self.dispatch(request, *args, **kwargs)
           ^^^^^^^^^^^^^^^^^^^^^^^^^^^^^^^^^^^^^^^
  File "C:\Users\kapa-\PycharmProjects\pythonDjango\venv\Lib\site-packages\django\utils\decorators.py", line 46, in _wrapper
    return bound_method(*args, **kwargs)
           ^^^^^^^^^^^^^^^^^^^^^^^^^^^^^
  File "C:\Users\kapa-\PycharmProjects\pythonDjango\venv\Lib\site-packages\django\views\decorators\debug.py", line 92, in sensitive_post_parameters_wrapper
    return view(request, *args, **kwargs)
           ^^^^^^^^^^^^^^^^^^^^^^^^^^^^^^
  File "C:\Users\kapa-\PycharmProjects\pythonDjango\venv\Lib\site-packages\django\utils\decorators.py", line 46, in _wrapper
    return bound_method(*args, **kwargs)
           ^^^^^^^^^^^^^^^^^^^^^^^^^^^^^
  File "C:\Users\kapa-\PycharmProjects\pythonDjango\venv\Lib\site-packages\django\utils\decorators.py", line 134, in _wrapper_view
    response = view_func(request, *args, **kwargs)
               ^^^^^^^^^^^^^^^^^^^^^^^^^^^^^^^^^^^
  File "C:\Users\kapa-\PycharmProjects\pythonDjango\venv\Lib\site-packages\django\utils\decorators.py", line 46, in _wrapper
    return bound_method(*args, **kwargs)
           ^^^^^^^^^^^^^^^^^^^^^^^^^^^^^
  File "C:\Users\kapa-\PycharmProjects\pythonDjango\venv\Lib\site-packages\django\views\decorators\cache.py", line 62, in _wrapper_view_func
    response = view_func(request, *args, **kwargs)
               ^^^^^^^^^^^^^^^^^^^^^^^^^^^^^^^^^^^
  File "C:\Users\kapa-\PycharmProjects\pythonDjango\venv\Lib\site-packages\django\contrib\auth\views.py", line 90, in dispatch
    return super().dispatch(request, *args, **kwargs)
           ^^^^^^^^^^^^^^^^^^^^^^^^^^^^^^^^^^^^^^^^^^
  File "C:\Users\kapa-\PycharmProjects\pythonDjango\venv\Lib\site-packages\django\views\generic\base.py", line 143, in dispatch
    return handler(request, *args, **kwargs)
           ^^^^^^^^^^^^^^^^^^^^^^^^^^^^^^^^^
  File "C:\Users\kapa-\PycharmProjects\pythonDjango\venv\Lib\site-packages\django\views\generic\edit.py", line 153, in post
    return self.form_valid(form)
           ^^^^^^^^^^^^^^^^^^^^^
  File "C:\Users\kapa-\PycharmProjects\pythonDjango\venv\Lib\site-packages\django\contrib\auth\views.py", line 109, in form_valid
    auth_login(self.request, form.get_user())
  File "C:\Users\kapa-\PycharmProjects\pythonDjango\venv\Lib\site-packages\django\contrib\auth\__init__.py", line 118, in login
    request.session.cycle_key()
  File "C:\Users\kapa-\PycharmProjects\pythonDjango\venv\Lib\site-packages\django\contrib\sessions\backends\base.py", line 304, in cycle_key
    self.create()
  File "C:\Users\kapa-\PycharmProjects\pythonDjango\venv\Lib\site-packages\django\contrib\sessions\backends\db.py", line 54, in create
    self.save(must_create=True)
  File "C:\Users\kapa-\PycharmProjects\pythonDjango\venv\Lib\site-packages\django\contrib\sessions\backends\db.py", line 85, in save
    with transaction.atomic(using=using):
  File "C:\Users\kapa-\PycharmProjects\pythonDjango\venv\Lib\site-packages\django\db\transaction.py", line 263, in __exit__
    connection.commit()
  File "C:\Users\kapa-\PycharmProjects\pythonDjango\venv\Lib\site-packages\django\utils\asyncio.py", line 26, in inner
    return func(*args, **kwargs)
           ^^^^^^^^^^^^^^^^^^^^^
  File "C:\Users\kapa-\PycharmProjects\pythonDjango\venv\Lib\site-packages\django\db\backends\base\base.py", line 337, in commit
    self._commit()
  File "C:\Users\kapa-\PycharmProjects\pythonDjango\venv\Lib\site-packages\django\db\backends\base\base.py", line 312, in _commit
    with debug_transaction(self, "COMMIT"), self.wrap_database_errors:
  File "C:\Users\kapa-\PycharmProjects\pythonDjango\venv\Lib\site-packages\django\db\utils.py", line 91, in __exit__
    raise dj_exc_value.with_traceback(traceback) from exc_value
  File "C:\Users\kapa-\PycharmProjects\pythonDjango\venv\Lib\site-packages\django\db\backends\base\base.py", line 313, in _commit
    return self.connection.commit()
           ^^^^^^^^^^^^^^^^^^^^^^^^
django.db.utils.OperationalError: database is locked
ERROR 2023-10-13 05:23:26,648 basehttp 2484 9948 "POST /admin/login/?next=/admin/ HTTP/1.1" 500 179672
INFO 2023-10-13 05:23:33,853 basehttp 2484 9948 "GET /admin/ HTTP/1.1" 302 0
INFO 2023-10-13 05:23:33,869 basehttp 2484 9948 "GET /admin/login/?next=/admin/ HTTP/1.1" 200 4267
ERROR 2023-10-13 05:24:07,570 log 2484 9948 Internal Server Error: /admin/login/
Traceback (most recent call last):
  File "C:\Users\kapa-\PycharmProjects\pythonDjango\venv\Lib\site-packages\django\db\backends\base\base.py", line 313, in _commit
    return self.connection.commit()
           ^^^^^^^^^^^^^^^^^^^^^^^^
sqlite3.OperationalError: database is locked

The above exception was the direct cause of the following exception:

Traceback (most recent call last):
  File "C:\Users\kapa-\PycharmProjects\pythonDjango\venv\Lib\site-packages\django\core\handlers\exception.py", line 55, in inner
    response = get_response(request)
               ^^^^^^^^^^^^^^^^^^^^^
  File "C:\Users\kapa-\PycharmProjects\pythonDjango\venv\Lib\site-packages\django\core\handlers\base.py", line 197, in _get_response
    response = wrapped_callback(request, *callback_args, **callback_kwargs)
               ^^^^^^^^^^^^^^^^^^^^^^^^^^^^^^^^^^^^^^^^^^^^^^^^^^^^^^^^^^^^
  File "C:\Users\kapa-\PycharmProjects\pythonDjango\venv\Lib\site-packages\django\utils\decorators.py", line 46, in _wrapper
    return bound_method(*args, **kwargs)
           ^^^^^^^^^^^^^^^^^^^^^^^^^^^^^
  File "C:\Users\kapa-\PycharmProjects\pythonDjango\venv\Lib\site-packages\django\views\decorators\cache.py", line 62, in _wrapper_view_func
    response = view_func(request, *args, **kwargs)
               ^^^^^^^^^^^^^^^^^^^^^^^^^^^^^^^^^^^
  File "C:\Users\kapa-\PycharmProjects\pythonDjango\venv\Lib\site-packages\django\contrib\admin\sites.py", line 441, in login
    return LoginView.as_view(**defaults)(request)
           ^^^^^^^^^^^^^^^^^^^^^^^^^^^^^^^^^^^^^^
  File "C:\Users\kapa-\PycharmProjects\pythonDjango\venv\Lib\site-packages\django\views\generic\base.py", line 104, in view
    return self.dispatch(request, *args, **kwargs)
           ^^^^^^^^^^^^^^^^^^^^^^^^^^^^^^^^^^^^^^^
  File "C:\Users\kapa-\PycharmProjects\pythonDjango\venv\Lib\site-packages\django\utils\decorators.py", line 46, in _wrapper
    return bound_method(*args, **kwargs)
           ^^^^^^^^^^^^^^^^^^^^^^^^^^^^^
  File "C:\Users\kapa-\PycharmProjects\pythonDjango\venv\Lib\site-packages\django\views\decorators\debug.py", line 92, in sensitive_post_parameters_wrapper
    return view(request, *args, **kwargs)
           ^^^^^^^^^^^^^^^^^^^^^^^^^^^^^^
  File "C:\Users\kapa-\PycharmProjects\pythonDjango\venv\Lib\site-packages\django\utils\decorators.py", line 46, in _wrapper
    return bound_method(*args, **kwargs)
           ^^^^^^^^^^^^^^^^^^^^^^^^^^^^^
  File "C:\Users\kapa-\PycharmProjects\pythonDjango\venv\Lib\site-packages\django\utils\decorators.py", line 134, in _wrapper_view
    response = view_func(request, *args, **kwargs)
               ^^^^^^^^^^^^^^^^^^^^^^^^^^^^^^^^^^^
  File "C:\Users\kapa-\PycharmProjects\pythonDjango\venv\Lib\site-packages\django\utils\decorators.py", line 46, in _wrapper
    return bound_method(*args, **kwargs)
           ^^^^^^^^^^^^^^^^^^^^^^^^^^^^^
  File "C:\Users\kapa-\PycharmProjects\pythonDjango\venv\Lib\site-packages\django\views\decorators\cache.py", line 62, in _wrapper_view_func
    response = view_func(request, *args, **kwargs)
               ^^^^^^^^^^^^^^^^^^^^^^^^^^^^^^^^^^^
  File "C:\Users\kapa-\PycharmProjects\pythonDjango\venv\Lib\site-packages\django\contrib\auth\views.py", line 90, in dispatch
    return super().dispatch(request, *args, **kwargs)
           ^^^^^^^^^^^^^^^^^^^^^^^^^^^^^^^^^^^^^^^^^^
  File "C:\Users\kapa-\PycharmProjects\pythonDjango\venv\Lib\site-packages\django\views\generic\base.py", line 143, in dispatch
    return handler(request, *args, **kwargs)
           ^^^^^^^^^^^^^^^^^^^^^^^^^^^^^^^^^
  File "C:\Users\kapa-\PycharmProjects\pythonDjango\venv\Lib\site-packages\django\views\generic\edit.py", line 153, in post
    return self.form_valid(form)
           ^^^^^^^^^^^^^^^^^^^^^
  File "C:\Users\kapa-\PycharmProjects\pythonDjango\venv\Lib\site-packages\django\contrib\auth\views.py", line 109, in form_valid
    auth_login(self.request, form.get_user())
  File "C:\Users\kapa-\PycharmProjects\pythonDjango\venv\Lib\site-packages\django\contrib\auth\__init__.py", line 118, in login
    request.session.cycle_key()
  File "C:\Users\kapa-\PycharmProjects\pythonDjango\venv\Lib\site-packages\django\contrib\sessions\backends\base.py", line 304, in cycle_key
    self.create()
  File "C:\Users\kapa-\PycharmProjects\pythonDjango\venv\Lib\site-packages\django\contrib\sessions\backends\db.py", line 54, in create
    self.save(must_create=True)
  File "C:\Users\kapa-\PycharmProjects\pythonDjango\venv\Lib\site-packages\django\contrib\sessions\backends\db.py", line 85, in save
    with transaction.atomic(using=using):
  File "C:\Users\kapa-\PycharmProjects\pythonDjango\venv\Lib\site-packages\django\db\transaction.py", line 263, in __exit__
    connection.commit()
  File "C:\Users\kapa-\PycharmProjects\pythonDjango\venv\Lib\site-packages\django\utils\asyncio.py", line 26, in inner
    return func(*args, **kwargs)
           ^^^^^^^^^^^^^^^^^^^^^
  File "C:\Users\kapa-\PycharmProjects\pythonDjango\venv\Lib\site-packages\django\db\backends\base\base.py", line 337, in commit
    self._commit()
  File "C:\Users\kapa-\PycharmProjects\pythonDjango\venv\Lib\site-packages\django\db\backends\base\base.py", line 312, in _commit
    with debug_transaction(self, "COMMIT"), self.wrap_database_errors:
  File "C:\Users\kapa-\PycharmProjects\pythonDjango\venv\Lib\site-packages\django\db\utils.py", line 91, in __exit__
    raise dj_exc_value.with_traceback(traceback) from exc_value
  File "C:\Users\kapa-\PycharmProjects\pythonDjango\venv\Lib\site-packages\django\db\backends\base\base.py", line 313, in _commit
    return self.connection.commit()
           ^^^^^^^^^^^^^^^^^^^^^^^^
django.db.utils.OperationalError: database is locked
ERROR 2023-10-13 05:24:07,587 basehttp 2484 9948 "POST /admin/login/?next=/admin/ HTTP/1.1" 500 179672
INFO 2023-10-13 05:24:29,642 basehttp 2484 9948 "GET /admin/login/?next=/admin/ HTTP/1.1" 200 4267
INFO 2023-10-13 05:24:46,975 basehttp 2484 9948 "POST /admin/login/?next=/admin/ HTTP/1.1" 302 0
INFO 2023-10-13 05:24:47,051 basehttp 2484 9948 "GET /admin/ HTTP/1.1" 200 5852
INFO 2023-10-13 05:24:47,224 basehttp 2484 9948 "GET /static/admin/css/dashboard.css HTTP/1.1" 200 441
INFO 2023-10-13 05:24:47,263 basehttp 2484 9948 "GET /static/admin/img/icon-addlink.svg HTTP/1.1" 200 331
INFO 2023-10-13 05:24:47,276 basehttp 2484 6052 "GET /static/admin/img/icon-changelink.svg HTTP/1.1" 200 380
INFO 2023-10-13 05:25:34,281 basehttp 2484 6052 "GET / HTTP/1.1" 200 299
INFO 2023-10-13 05:28:40,816 basehttp 2484 6052 "GET /admin/auth/user/ HTTP/1.1" 200 11310
INFO 2023-10-13 05:28:40,908 basehttp 2484 9948 "GET /admin/jsi18n/ HTTP/1.1" 200 16066
INFO 2023-10-13 05:28:40,919 basehttp 2484 6052 "GET /static/admin/css/changelists.css HTTP/1.1" 200 6566
INFO 2023-10-13 05:28:40,984 basehttp 2484 18140 "GET /static/admin/js/jquery.init.js HTTP/1.1" 200 347
INFO 2023-10-13 05:28:41,005 basehttp 2484 9948 "GET /static/admin/js/actions.js HTTP/1.1" 200 7872
INFO 2023-10-13 05:28:41,007 basehttp 2484 18640 "GET /static/admin/js/core.js HTTP/1.1" 200 5682
INFO 2023-10-13 05:28:41,029 basehttp 2484 6052 "GET /static/admin/js/urlify.js HTTP/1.1" 200 7887
INFO 2023-10-13 05:28:41,090 basehttp 2484 4236 "GET /static/admin/js/admin/RelatedObjectLookups.js HTTP/1.1" 200 8943
INFO 2023-10-13 05:28:41,109 basehttp 2484 8072 "GET /static/admin/js/vendor/jquery/jquery.js HTTP/1.1" 200 292458
INFO 2023-10-13 05:28:41,113 basehttp 2484 18140 "GET /static/admin/js/prepopulate.js HTTP/1.1" 200 1531
INFO 2023-10-13 05:28:41,144 basehttp 2484 6052 "GET /static/admin/img/search.svg HTTP/1.1" 200 458
INFO 2023-10-13 05:28:41,181 basehttp 2484 9948 "GET /static/admin/img/icon-yes.svg HTTP/1.1" 200 436
INFO 2023-10-13 05:28:41,208 basehttp 2484 18640 "GET /static/admin/js/vendor/xregexp/xregexp.js HTTP/1.1" 200 232381
INFO 2023-10-13 05:28:41,280 basehttp 2484 8072 "GET /static/admin/js/filters.js HTTP/1.1" 200 978
INFO 2023-10-13 05:28:41,436 basehttp 2484 18640 "GET /static/admin/img/tooltag-add.svg HTTP/1.1" 200 331
INFO 2023-10-13 05:28:41,453 basehttp 2484 8072 "GET /static/admin/img/sorting-icons.svg HTTP/1.1" 200 1097
INFO 2023-10-13 05:28:56,903 basehttp 2484 8072 "GET /admin/auth/user/1/change/ HTTP/1.1" 200 23707
INFO 2023-10-13 05:28:56,973 basehttp 2484 8072 "GET /static/admin/css/forms.css HTTP/1.1" 200 9047
INFO 2023-10-13 05:28:56,983 basehttp 2484 18140 "GET /admin/jsi18n/ HTTP/1.1" 200 16066
INFO 2023-10-13 05:28:57,000 basehttp 2484 4236 "GET /static/admin/js/SelectBox.js HTTP/1.1" 200 4530
INFO 2023-10-13 05:28:57,018 basehttp 2484 8072 "GET /static/admin/js/prepopulate_init.js HTTP/1.1" 200 586
INFO 2023-10-13 05:28:57,028 basehttp 2484 18640 "GET /static/admin/js/calendar.js HTTP/1.1" 200 8466
INFO 2023-10-13 05:28:57,038 basehttp 2484 6052 "GET /static/admin/js/SelectFilter2.js HTTP/1.1" 200 15292
INFO 2023-10-13 05:28:57,059 basehttp 2484 9948 "GET /static/admin/js/admin/DateTimeShortcuts.js HTTP/1.1" 200 19319
INFO 2023-10-13 05:28:57,079 basehttp 2484 18140 "GET /static/admin/css/widgets.css HTTP/1.1" 200 11900
INFO 2023-10-13 05:28:57,185 basehttp 2484 18140 "GET /static/admin/js/change_form.js HTTP/1.1" 200 606
INFO 2023-10-13 05:28:57,433 basehttp 2484 18640 "GET /static/admin/img/icon-unknown-alt.svg HTTP/1.1" 200 655
INFO 2023-10-13 05:28:57,435 basehttp 2484 6052 "GET /static/admin/img/icon-calendar.svg HTTP/1.1" 200 1086
INFO 2023-10-13 05:28:57,444 basehttp 2484 18140 "GET /static/admin/img/icon-unknown.svg HTTP/1.1" 200 655
INFO 2023-10-13 05:28:57,446 basehttp 2484 4236 "GET /static/admin/img/icon-clock.svg HTTP/1.1" 200 677
INFO 2023-10-13 05:28:57,460 basehttp 2484 9948 "GET /static/admin/img/selector-icons.svg HTTP/1.1" 200 3291
INFO 2023-10-13 05:28:59,589 basehttp 2484 9948 "GET /admin/auth/user/ HTTP/1.1" 200 11310
INFO 2023-10-13 05:29:22,992 basehttp 2484 9948 "GET /admin/auth/user/add/ HTTP/1.1" 200 10988
INFO 2023-10-13 05:29:23,068 basehttp 2484 9948 "GET /admin/jsi18n/ HTTP/1.1" 200 16066
INFO 2023-10-13 05:30:34,033 basehttp 2484 9948 "POST /admin/auth/user/add/ HTTP/1.1" 200 11443
INFO 2023-10-13 05:30:34,105 basehttp 2484 9948 "GET /admin/jsi18n/ HTTP/1.1" 200 16066
INFO 2023-10-13 05:31:01,005 basehttp 2484 9948 "POST /admin/auth/user/add/ HTTP/1.1" 302 0
INFO 2023-10-13 05:31:01,067 basehttp 2484 9948 "GET /admin/auth/user/2/change/ HTTP/1.1" 200 23920
INFO 2023-10-13 05:31:01,138 basehttp 2484 9948 "GET /admin/jsi18n/ HTTP/1.1" 200 16066
INFO 2023-10-13 05:33:42,745 basehttp 2484 9948 "POST /admin/auth/user/2/change/ HTTP/1.1" 302 0
INFO 2023-10-13 05:33:42,785 basehttp 2484 9948 "GET /admin/auth/user/ HTTP/1.1" 200 11918
INFO 2023-10-13 05:33:42,849 basehttp 2484 9948 "GET /admin/jsi18n/ HTTP/1.1" 200 16066
INFO 2023-10-13 05:33:49,737 basehttp 2484 9948 "GET /admin/auth/group/ HTTP/1.1" 200 7641
INFO 2023-10-13 05:33:49,814 basehttp 2484 9948 "GET /admin/jsi18n/ HTTP/1.1" 200 16066
INFO 2023-10-13 05:33:54,790 basehttp 2484 9948 "GET /admin/auth/group/add/ HTTP/1.1" 200 13314
INFO 2023-10-13 05:33:54,854 basehttp 2484 9948 "GET /admin/jsi18n/ HTTP/1.1" 200 16066
INFO 2023-10-13 05:34:45,998 basehttp 2484 9948 "POST /admin/auth/group/add/ HTTP/1.1" 302 0
INFO 2023-10-13 05:34:46,040 basehttp 2484 9948 "GET /admin/auth/group/ HTTP/1.1" 200 9114
INFO 2023-10-13 05:34:46,109 basehttp 2484 9948 "GET /admin/jsi18n/ HTTP/1.1" 200 16066
INFO 2023-10-13 05:34:49,358 basehttp 2484 9948 "GET /admin/auth/user/ HTTP/1.1" 200 12004
INFO 2023-10-13 05:34:49,426 basehttp 2484 9948 "GET /admin/jsi18n/ HTTP/1.1" 200 16066
INFO 2023-10-13 05:34:52,228 basehttp 2484 9948 "GET /admin/auth/user/2/change/ HTTP/1.1" 200 23697
INFO 2023-10-13 05:34:52,302 basehttp 2484 9948 "GET /admin/jsi18n/ HTTP/1.1" 200 16066
INFO 2023-10-13 05:35:14,774 basehttp 2484 9948 "POST /admin/auth/user/2/change/ HTTP/1.1" 302 0
INFO 2023-10-13 05:35:14,811 basehttp 2484 9948 "GET /admin/auth/user/ HTTP/1.1" 200 12224
INFO 2023-10-13 05:35:14,874 basehttp 2484 9948 "GET /admin/jsi18n/ HTTP/1.1" 200 16066
INFO 2023-10-13 05:35:25,518 basehttp 2484 9948 "POST /admin/logout/ HTTP/1.1" 200 3709
INFO 2023-10-13 05:35:28,401 basehttp 2484 9948 "GET /admin/ HTTP/1.1" 302 0
INFO 2023-10-13 05:35:28,418 basehttp 2484 9948 "GET /admin/login/?next=/admin/ HTTP/1.1" 200 4267
INFO 2023-10-13 05:35:46,164 basehttp 2484 9948 "POST /admin/login/?next=/admin/ HTTP/1.1" 302 0
INFO 2023-10-13 05:35:46,188 basehttp 2484 9948 "GET /admin/ HTTP/1.1" 200 4799
INFO 2023-10-13 05:39:25,368 autoreload 2484 14088 C:\Users\kapa-\PycharmProjects\pythonDjango\myproject\myapp5\models.py changed, reloading.
INFO 2023-10-13 05:39:26,339 autoreload 11216 17516 Watching for file changes with StatReloader
INFO 2023-10-13 05:52:51,912 autoreload 17072 18604 Watching for file changes with StatReloader
INFO 2023-10-13 05:53:07,150 basehttp 17072 7208 "POST /admin/logout/ HTTP/1.1" 200 3709
INFO 2023-10-13 05:53:10,971 basehttp 17072 7208 "GET /admin/ HTTP/1.1" 302 0
INFO 2023-10-13 05:53:11,002 basehttp 17072 7208 "GET /admin/login/?next=/admin/ HTTP/1.1" 200 4267
INFO 2023-10-13 05:53:24,230 basehttp 17072 7208 "POST /admin/login/?next=/admin/ HTTP/1.1" 302 0
INFO 2023-10-13 05:53:24,271 basehttp 17072 7208 "GET /admin/ HTTP/1.1" 200 8204
INFO 2023-10-13 06:01:25,797 autoreload 17072 18604 C:\Users\kapa-\PycharmProjects\pythonDjango\myproject\myapp3\admin.py changed, reloading.
INFO 2023-10-13 06:01:26,740 autoreload 1068 7524 Watching for file changes with StatReloader
INFO 2023-10-13 06:01:38,395 basehttp 1068 13408 "GET /admin/ HTTP/1.1" 200 9319
INFO 2023-10-13 06:02:37,560 basehttp 1068 13408 "POST /admin/logout/ HTTP/1.1" 200 3709
INFO 2023-10-13 06:02:39,175 basehttp 1068 13408 "GET /admin/ HTTP/1.1" 302 0
INFO 2023-10-13 06:02:39,208 basehttp 1068 13408 "GET /admin/login/?next=/admin/ HTTP/1.1" 200 4267
INFO 2023-10-13 06:02:50,709 basehttp 1068 13408 "POST /admin/login/?next=/admin/ HTTP/1.1" 302 0
INFO 2023-10-13 06:02:50,740 basehttp 1068 13408 "GET /admin/ HTTP/1.1" 200 5338
INFO 2023-10-13 06:02:58,043 basehttp 1068 13408 "GET /admin/myapp3/post/ HTTP/1.1" 200 17372
INFO 2023-10-13 06:03:05,424 basehttp 1068 13408 "GET /admin/ HTTP/1.1" 200 5338
INFO 2023-10-13 06:03:09,200 basehttp 1068 13408 "GET /admin/myapp3/post/ HTTP/1.1" 200 17372
INFO 2023-10-13 06:03:16,047 basehttp 1068 13408 "GET /admin/myapp3/post/10/change/ HTTP/1.1" 200 10447
INFO 2023-10-13 06:03:16,115 basehttp 1068 13408 "GET /admin/jsi18n/ HTTP/1.1" 200 16066
INFO 2023-10-13 06:03:26,395 basehttp 1068 13408 "POST /admin/myapp3/post/10/change/ HTTP/1.1" 302 0
INFO 2023-10-13 06:03:26,450 basehttp 1068 13408 "GET /admin/myapp3/post/ HTTP/1.1" 200 17588
INFO 2023-10-13 06:08:17,460 basehttp 1068 13408 "POST /admin/logout/ HTTP/1.1" 200 3709
INFO 2023-10-13 06:08:18,912 basehttp 1068 13408 "GET /admin/ HTTP/1.1" 302 0
INFO 2023-10-13 06:08:18,927 basehttp 1068 13408 "GET /admin/login/?next=/admin/ HTTP/1.1" 200 4267
INFO 2023-10-13 06:08:29,786 basehttp 1068 13408 "POST /admin/login/?next=/admin/ HTTP/1.1" 302 0
INFO 2023-10-13 06:08:29,831 basehttp 1068 13408 "GET /admin/ HTTP/1.1" 200 9319
INFO 2023-10-13 06:08:36,499 basehttp 1068 13408 "GET /admin/myapp3/post/ HTTP/1.1" 200 31590
INFO 2023-10-13 06:08:36,566 basehttp 1068 13408 "GET /admin/jsi18n/ HTTP/1.1" 200 16066
INFO 2023-10-13 06:08:38,811 basehttp 1068 13408 "GET /admin/myapp3/post/100/change/ HTTP/1.1" 200 13647
INFO 2023-10-13 06:08:38,908 basehttp 1068 10252 "GET /admin/jsi18n/ HTTP/1.1" 200 16066
INFO 2023-10-13 06:08:39,021 basehttp 1068 13408 "GET /static/admin/img/icon-viewlink.svg HTTP/1.1" 200 581
INFO 2023-10-13 06:08:55,201 basehttp 1068 13408 "GET /admin/myapp3/post/ HTTP/1.1" 200 31590
INFO 2023-10-13 06:09:01,417 basehttp 1068 13408 "GET /admin/ HTTP/1.1" 200 9319
INFO 2023-10-13 06:09:08,196 basehttp 1068 13408 "GET /admin/myapp5/category/ HTTP/1.1" 200 8980
INFO 2023-10-13 06:09:08,258 basehttp 1068 13408 "GET /admin/jsi18n/ HTTP/1.1" 200 16066
INFO 2023-10-13 06:09:37,030 basehttp 1068 13408 "GET /admin/myapp5/category/add/ HTTP/1.1" 200 9821
INFO 2023-10-13 06:09:37,113 basehttp 1068 13408 "GET /admin/jsi18n/ HTTP/1.1" 200 16066
INFO 2023-10-13 06:09:55,572 basehttp 1068 13408 "POST /admin/myapp5/category/add/ HTTP/1.1" 302 0
INFO 2023-10-13 06:09:55,615 basehttp 1068 13408 "GET /admin/myapp5/category/ HTTP/1.1" 200 10455
INFO 2023-10-13 06:09:55,675 basehttp 1068 13408 "GET /admin/jsi18n/ HTTP/1.1" 200 16066
INFO 2023-10-13 06:10:03,497 basehttp 1068 13408 "GET /admin/myapp5/category/add/ HTTP/1.1" 200 9821
INFO 2023-10-13 06:10:03,562 basehttp 1068 13408 "GET /admin/jsi18n/ HTTP/1.1" 200 16066
INFO 2023-10-13 06:10:13,607 basehttp 1068 13408 "POST /admin/myapp5/category/add/ HTTP/1.1" 302 0
INFO 2023-10-13 06:10:13,643 basehttp 1068 13408 "GET /admin/myapp5/category/ HTTP/1.1" 200 10662
INFO 2023-10-13 06:10:13,703 basehttp 1068 13408 "GET /admin/jsi18n/ HTTP/1.1" 200 16066
INFO 2023-10-13 06:10:26,163 basehttp 1068 13408 "GET /admin/myapp5/product/ HTTP/1.1" 200 8973
INFO 2023-10-13 06:10:26,222 basehttp 1068 13408 "GET /admin/jsi18n/ HTTP/1.1" 200 16066
INFO 2023-10-13 06:10:28,845 basehttp 1068 13408 "GET /admin/myapp5/product/add/ HTTP/1.1" 200 11675
INFO 2023-10-13 06:10:28,913 basehttp 1068 13408 "GET /admin/jsi18n/ HTTP/1.1" 200 16066
INFO 2023-10-13 06:10:49,422 basehttp 1068 13408 "POST /admin/myapp5/product/add/ HTTP/1.1" 302 0
INFO 2023-10-13 06:10:49,457 basehttp 1068 13408 "GET /admin/myapp5/product/add/ HTTP/1.1" 200 11956
INFO 2023-10-13 06:10:49,519 basehttp 1068 13408 "GET /admin/jsi18n/ HTTP/1.1" 200 16066
INFO 2023-10-13 06:10:57,485 basehttp 1068 13408 "POST /admin/myapp5/product/add/ HTTP/1.1" 200 11850
INFO 2023-10-13 06:10:57,551 basehttp 1068 13408 "GET /admin/jsi18n/ HTTP/1.1" 200 16066
INFO 2023-10-13 06:11:01,318 basehttp 1068 13408 "POST /admin/myapp5/product/add/ HTTP/1.1" 302 0
INFO 2023-10-13 06:11:01,352 basehttp 1068 13408 "GET /admin/myapp5/product/add/ HTTP/1.1" 200 11962
INFO 2023-10-13 06:11:01,417 basehttp 1068 13408 "GET /admin/jsi18n/ HTTP/1.1" 200 16066
INFO 2023-10-13 06:11:18,486 basehttp 1068 13408 "GET /admin/myapp5/category/add/?_to_field=id&_popup=1 HTTP/1.1" 200 4478
INFO 2023-10-13 06:11:18,551 basehttp 1068 13408 "GET /admin/jsi18n/ HTTP/1.1" 200 16066
INFO 2023-10-13 06:11:38,129 basehttp 1068 13408 "POST /admin/myapp5/category/add/?_to_field=id&_popup=1 HTTP/1.1" 200 403
INFO 2023-10-13 06:11:38,186 basehttp 1068 13408 "GET /static/admin/js/popup_response.js HTTP/1.1" 200 551
INFO 2023-10-13 06:11:53,004 basehttp 1068 13408 "POST /admin/myapp5/product/add/ HTTP/1.1" 302 0
INFO 2023-10-13 06:11:53,039 basehttp 1068 13408 "GET /admin/myapp5/product/add/ HTTP/1.1" 200 12003
INFO 2023-10-13 06:11:53,103 basehttp 1068 13408 "GET /admin/jsi18n/ HTTP/1.1" 200 16066
INFO 2023-10-13 06:12:07,559 basehttp 1068 13408 "POST /admin/myapp5/product/add/ HTTP/1.1" 302 0
INFO 2023-10-13 06:12:07,602 basehttp 1068 13408 "GET /admin/myapp5/product/ HTTP/1.1" 200 11077
INFO 2023-10-13 06:12:07,669 basehttp 1068 13408 "GET /admin/jsi18n/ HTTP/1.1" 200 16066
INFO 2023-10-13 06:12:25,309 basehttp 1068 13408 "GET /admin/myapp5/product/1/change/ HTTP/1.1" 200 11936
INFO 2023-10-13 06:12:25,380 basehttp 1068 13408 "GET /admin/jsi18n/ HTTP/1.1" 200 16066
INFO 2023-10-13 06:12:28,500 basehttp 1068 13408 "GET /admin/myapp5/product/1/delete/ HTTP/1.1" 200 9027
INFO 2023-10-13 06:12:28,594 basehttp 1068 13408 "GET /static/admin/js/cancel.js HTTP/1.1" 200 884
INFO 2023-10-13 06:13:05,196 basehttp 1068 13408 "POST /admin/myapp5/product/1/delete/ HTTP/1.1" 302 0
INFO 2023-10-13 06:13:05,231 basehttp 1068 13408 "GET /admin/myapp5/product/ HTTP/1.1" 200 10816
INFO 2023-10-13 06:13:05,304 basehttp 1068 13408 "GET /admin/jsi18n/ HTTP/1.1" 200 16066
INFO 2023-10-13 06:20:40,715 autoreload 1068 7524 C:\Users\kapa-\PycharmProjects\pythonDjango\myproject\myapp5\models.py changed, reloading.
INFO 2023-10-13 06:20:41,813 autoreload 10248 20964 Watching for file changes with StatReloader
INFO 2023-10-13 06:23:01,981 autoreload 10248 20964 C:\Users\kapa-\PycharmProjects\pythonDjango\myproject\myapp5\models.py changed, reloading.
INFO 2023-10-13 06:23:03,029 autoreload 16340 6448 Watching for file changes with StatReloader
INFO 2023-10-13 06:27:17,353 autoreload 16772 20672 Watching for file changes with StatReloader
INFO 2023-10-13 06:27:41,948 basehttp 16772 12756 "GET /admin/ HTTP/1.1" 200 11007
INFO 2023-10-13 06:27:42,271 basehttp 16772 12756 "GET /static/admin/img/icon-deletelink.svg HTTP/1.1" 200 392
INFO 2023-10-13 06:27:52,000 basehttp 16772 12756 "GET /admin/myapp5/product/ HTTP/1.1" 200 10654
INFO 2023-10-13 06:27:52,071 basehttp 16772 12756 "GET /admin/jsi18n/ HTTP/1.1" 200 16066
INFO 2023-10-13 06:28:05,286 basehttp 16772 12756 "GET /admin/myapp5/product/4/change/ HTTP/1.1" 200 14492
INFO 2023-10-13 06:28:05,366 basehttp 16772 12756 "GET /admin/jsi18n/ HTTP/1.1" 200 16066
INFO 2023-10-13 06:28:52,721 basehttp 16772 12756 "POST /admin/myapp5/product/4/change/ HTTP/1.1" 302 0
INFO 2023-10-13 06:28:52,761 basehttp 16772 12756 "GET /admin/myapp5/product/ HTTP/1.1" 200 10872
INFO 2023-10-13 06:28:52,834 basehttp 16772 12756 "GET /admin/jsi18n/ HTTP/1.1" 200 16066
INFO 2023-10-13 06:28:56,002 basehttp 16772 12756 "GET /admin/myapp5/product/4/change/ HTTP/1.1" 200 14491
INFO 2023-10-13 06:28:56,085 basehttp 16772 12756 "GET /admin/jsi18n/ HTTP/1.1" 200 16066
INFO 2023-10-13 06:29:14,363 basehttp 16772 12756 "POST /admin/myapp5/product/4/change/ HTTP/1.1" 302 0
INFO 2023-10-13 06:29:14,398 basehttp 16772 12756 "GET /admin/myapp5/product/ HTTP/1.1" 200 10872
INFO 2023-10-13 06:29:14,471 basehttp 16772 12756 "GET /admin/jsi18n/ HTTP/1.1" 200 16066
INFO 2023-10-13 06:30:53,718 autoreload 16772 20672 C:\Users\kapa-\PycharmProjects\pythonDjango\myproject\myapp5\admin.py changed, reloading.
INFO 2023-10-13 06:30:54,812 autoreload 15204 14904 Watching for file changes with StatReloader
INFO 2023-10-13 06:31:49,637 autoreload 15204 14904 C:\Users\kapa-\PycharmProjects\pythonDjango\myproject\myapp5\admin.py changed, reloading.
INFO 2023-10-13 06:31:50,656 autoreload 18156 7036 Watching for file changes with StatReloader
INFO 2023-10-13 06:32:11,310 basehttp 18156 12048 "GET /admin/myapp5/product/ HTTP/1.1" 200 11193
INFO 2023-10-13 06:32:11,419 basehttp 18156 12048 "GET /admin/jsi18n/ HTTP/1.1" 200 16066
INFO 2023-10-13 06:32:22,564 basehttp 18156 12048 "GET /admin/myapp5/product/?o=1 HTTP/1.1" 200 11601
INFO 2023-10-13 06:32:22,653 basehttp 18156 12048 "GET /admin/jsi18n/ HTTP/1.1" 200 16066
INFO 2023-10-13 06:32:26,825 basehttp 18156 12048 "GET /admin/myapp5/product/?o=2.1 HTTP/1.1" 200 12091
INFO 2023-10-13 06:32:26,896 basehttp 18156 12048 "GET /admin/jsi18n/ HTTP/1.1" 200 16066
INFO 2023-10-13 06:32:30,494 basehttp 18156 12048 "GET /admin/myapp5/product/?o=-2.1 HTTP/1.1" 200 12099
INFO 2023-10-13 06:32:30,561 basehttp 18156 12048 "GET /admin/jsi18n/ HTTP/1.1" 200 16066
INFO 2023-10-13 06:32:33,143 basehttp 18156 12048 "GET /admin/myapp5/product/?o=3.-2.1 HTTP/1.1" 200 12514
INFO 2023-10-13 06:32:33,209 basehttp 18156 12048 "GET /admin/jsi18n/ HTTP/1.1" 200 16066
INFO 2023-10-13 06:33:48,585 autoreload 18156 7036 C:\Users\kapa-\PycharmProjects\pythonDjango\myproject\myapp5\admin.py changed, reloading.
INFO 2023-10-13 06:33:49,557 autoreload 21232 10692 Watching for file changes with StatReloader
INFO 2023-10-13 06:34:06,988 basehttp 21232 10892 "GET /admin/myapp5/product/ HTTP/1.1" 200 11983
INFO 2023-10-13 06:34:07,061 basehttp 21232 10892 "GET /admin/jsi18n/ HTTP/1.1" 200 16066
INFO 2023-10-13 06:35:03,885 autoreload 21232 10692 C:\Users\kapa-\PycharmProjects\pythonDjango\myproject\myapp5\admin.py changed, reloading.
INFO 2023-10-13 06:35:04,900 autoreload 10972 4956 Watching for file changes with StatReloader
INFO 2023-10-13 06:35:13,555 basehttp 10972 20460 "GET /admin/myapp5/product/ HTTP/1.1" 200 13231
INFO 2023-10-13 06:35:13,639 basehttp 10972 20460 "GET /admin/jsi18n/ HTTP/1.1" 200 16066
INFO 2023-10-13 06:36:03,359 basehttp 10972 20460 "GET /admin/myapp5/product/?price=7000.00 HTTP/1.1" 200 13056
INFO 2023-10-13 06:36:03,431 basehttp 10972 20460 "GET /admin/jsi18n/ HTTP/1.1" 200 16066
INFO 2023-10-13 06:36:10,573 basehttp 10972 20460 "GET /admin/myapp5/product/4/change/?_changelist_filters=price%3D7000.00 HTTP/1.1" 200 14609
INFO 2023-10-13 06:36:10,659 basehttp 10972 20460 "GET /admin/jsi18n/ HTTP/1.1" 200 16066
INFO 2023-10-13 06:36:21,702 basehttp 10972 20460 "GET /admin/myapp5/product/?price=7000.00 HTTP/1.1" 200 13056
INFO 2023-10-13 06:37:13,825 basehttp 10972 20460 "GET /admin/myapp5/product/? HTTP/1.1" 200 13231
INFO 2023-10-13 06:37:13,896 basehttp 10972 20460 "GET /admin/jsi18n/ HTTP/1.1" 200 16066
INFO 2023-10-13 06:38:29,538 autoreload 10972 4956 C:\Users\kapa-\PycharmProjects\pythonDjango\myproject\myapp5\admin.py changed, reloading.
INFO 2023-10-13 06:38:30,485 autoreload 16004 13232 Watching for file changes with StatReloader
INFO 2023-10-13 06:38:47,767 basehttp 16004 18976 "GET /admin/myapp5/product/? HTTP/1.1" 200 13725
INFO 2023-10-13 06:38:47,875 basehttp 16004 18976 "GET /admin/jsi18n/ HTTP/1.1" 200 16066
INFO 2023-10-13 06:39:23,006 basehttp 16004 18976 "GET /admin/myapp5/product/?q=%D1%82%D0%BE%D1%80%D1%82 HTTP/1.1" 200 11762
INFO 2023-10-13 06:39:23,106 basehttp 16004 18976 "GET /admin/jsi18n/ HTTP/1.1" 200 16066
INFO 2023-10-13 06:39:33,013 basehttp 16004 18976 "GET /admin/myapp5/product/? HTTP/1.1" 200 13725
INFO 2023-10-13 06:43:46,431 basehttp 16004 18976 "GET /admin/myapp5/product/?q=%D1%8B%D0%B2%D0%B0 HTTP/1.1" 200 11702
INFO 2023-10-13 06:43:46,531 basehttp 16004 18976 "GET /admin/jsi18n/ HTTP/1.1" 200 16066
INFO 2023-10-13 06:43:52,187 basehttp 16004 18976 "GET /admin/myapp5/product/ HTTP/1.1" 200 13725
INFO 2023-10-13 06:43:52,271 basehttp 16004 18976 "GET /admin/jsi18n/ HTTP/1.1" 200 16066
INFO 2023-10-13 06:43:55,619 basehttp 16004 18976 "GET /admin/myapp5/product/3/change/ HTTP/1.1" 200 14468
INFO 2023-10-13 06:43:55,706 basehttp 16004 18976 "GET /admin/jsi18n/ HTTP/1.1" 200 16066
INFO 2023-10-13 06:44:18,256 basehttp 16004 18976 "POST /admin/myapp5/product/3/change/ HTTP/1.1" 302 0
INFO 2023-10-13 06:44:18,296 basehttp 16004 18976 "GET /admin/myapp5/product/ HTTP/1.1" 200 13937
INFO 2023-10-13 06:44:18,367 basehttp 16004 18976 "GET /admin/jsi18n/ HTTP/1.1" 200 16066
INFO 2023-10-13 06:44:28,394 basehttp 16004 18976 "GET /admin/myapp5/product/?q=%D0%B2%D0%BA%D1%83%D1%81 HTTP/1.1" 200 13826
INFO 2023-10-13 06:44:28,465 basehttp 16004 18976 "GET /admin/jsi18n/ HTTP/1.1" 200 16066
INFO 2023-10-13 06:46:40,813 autoreload 16004 13232 C:\Users\kapa-\PycharmProjects\pythonDjango\myproject\myapp5\admin.py changed, reloading.
INFO 2023-10-13 06:46:41,805 autoreload 11672 18844 Watching for file changes with StatReloader
INFO 2023-10-13 06:47:37,457 autoreload 11672 18844 C:\Users\kapa-\PycharmProjects\pythonDjango\myproject\myapp5\admin.py changed, reloading.
INFO 2023-10-13 06:47:38,386 autoreload 14764 14620 Watching for file changes with StatReloader
INFO 2023-10-13 06:49:14,382 autoreload 14764 14620 C:\Users\kapa-\PycharmProjects\pythonDjango\myproject\myapp5\admin.py changed, reloading.
INFO 2023-10-13 06:49:15,355 autoreload 20236 16020 Watching for file changes with StatReloader
INFO 2023-10-13 06:49:37,738 basehttp 20236 984 "GET /admin/myapp5/product/?q=%D0%B2%D0%BA%D1%83%D1%81 HTTP/1.1" 200 13919
INFO 2023-10-13 06:49:37,823 basehttp 20236 984 "GET /admin/jsi18n/ HTTP/1.1" 200 16066
INFO 2023-10-13 06:49:39,425 basehttp 20236 984 "GET /admin/myapp5/product/ HTTP/1.1" 200 13818
INFO 2023-10-13 06:49:39,505 basehttp 20236 984 "GET /admin/jsi18n/ HTTP/1.1" 200 16066
INFO 2023-10-13 06:49:41,273 basehttp 20236 984 "GET /admin/myapp5/product/4/change/ HTTP/1.1" 200 14491
INFO 2023-10-13 06:49:41,345 basehttp 20236 984 "GET /admin/jsi18n/ HTTP/1.1" 200 16066
INFO 2023-10-13 06:49:45,226 basehttp 20236 984 "GET /admin/myapp5/product/ HTTP/1.1" 200 13818
INFO 2023-10-13 06:49:55,057 basehttp 20236 984 "POST /admin/myapp5/product/ HTTP/1.1" 302 0
INFO 2023-10-13 06:49:55,116 basehttp 20236 984 "GET /admin/myapp5/product/ HTTP/1.1" 200 13817
INFO 2023-10-13 06:49:55,197 basehttp 20236 984 "GET /admin/jsi18n/ HTTP/1.1" 200 16066
INFO 2023-10-13 06:52:53,042 basehttp 20236 984 "GET /admin/myapp5/product/3/change/ HTTP/1.1" 200 14502
INFO 2023-10-13 06:52:53,137 basehttp 20236 984 "GET /admin/jsi18n/ HTTP/1.1" 200 16066
INFO 2023-10-13 06:55:04,693 autoreload 20236 16020 C:\Users\kapa-\PycharmProjects\pythonDjango\myproject\myapp5\admin.py changed, reloading.
INFO 2023-10-13 06:55:05,775 autoreload 9220 17784 Watching for file changes with StatReloader
INFO 2023-10-13 06:56:14,747 basehttp 9220 15404 "GET /admin/myapp5/product/3/change/ HTTP/1.1" 200 13723
INFO 2023-10-13 06:56:14,827 basehttp 9220 15404 "GET /admin/jsi18n/ HTTP/1.1" 200 16066
INFO 2023-10-13 06:58:49,464 autoreload 9220 17784 C:\Users\kapa-\PycharmProjects\pythonDjango\myproject\myapp5\admin.py changed, reloading.
INFO 2023-10-13 06:58:50,370 autoreload 13000 5980 Watching for file changes with StatReloader
INFO 2023-10-13 07:00:17,324 autoreload 13000 5980 C:\Users\kapa-\PycharmProjects\pythonDjango\myproject\myapp5\admin.py changed, reloading.
INFO 2023-10-13 07:00:18,340 autoreload 4236 20348 Watching for file changes with StatReloader
INFO 2023-10-13 07:00:53,989 autoreload 4236 20348 C:\Users\kapa-\PycharmProjects\pythonDjango\myproject\myapp5\admin.py changed, reloading.
INFO 2023-10-13 07:00:54,844 autoreload 12292 4908 Watching for file changes with StatReloader
INFO 2023-10-13 07:04:57,139 basehttp 12292 21124 "GET /admin/myapp5/product/ HTTP/1.1" 200 13817
INFO 2023-10-13 07:05:03,676 basehttp 12292 21124 "GET /admin/myapp5/product/2/change/ HTTP/1.1" 200 15619
INFO 2023-10-13 07:05:03,775 basehttp 12292 17316 "GET /admin/jsi18n/ HTTP/1.1" 200 16066
INFO 2023-10-13 07:05:03,893 basehttp 12292 21124 "GET /static/admin/js/collapse.js HTTP/1.1" 200 1803
INFO 2023-10-13 19:21:24,925 autoreload 8544 5356 Watching for file changes with StatReloader
INFO 2023-10-13 19:21:41,210 basehttp 8544 19872 "GET / HTTP/1.1" 200 10073
INFO 2023-10-13 19:21:41,351 basehttp 8544 19872 "GET /static/debug_toolbar/css/toolbar.css HTTP/1.1" 200 12621
INFO 2023-10-13 19:21:41,354 basehttp 8544 13124 "GET /static/debug_toolbar/js/toolbar.js HTTP/1.1" 200 13404
INFO 2023-10-13 19:21:41,390 basehttp 8544 7796 "GET /static/debug_toolbar/css/print.css HTTP/1.1" 200 43
WARNING 2023-10-13 19:21:41,779 log 8544 7796 Not Found: /favicon.ico
WARNING 2023-10-13 19:21:41,780 basehttp 8544 7796 "GET /favicon.ico HTTP/1.1" 404 12406
INFO 2023-10-13 19:22:38,258 basehttp 8544 7796 "GET / HTTP/1.1" 200 10076
INFO 2023-10-13 19:24:42,173 basehttp 8544 8624 "GET / HTTP/1.1" 200 10076
INFO 2023-10-13 19:24:42,402 basehttp 8544 836 "GET /static/debug_toolbar/js/toolbar.js HTTP/1.1" 200 13404
INFO 2023-10-13 19:24:42,403 basehttp 8544 8624 "GET /static/debug_toolbar/css/toolbar.css HTTP/1.1" 200 12621
INFO 2023-10-13 19:24:42,697 basehttp 8544 836 "GET /static/debug_toolbar/css/print.css HTTP/1.1" 200 43
WARNING 2023-10-13 19:24:42,798 log 8544 836 Not Found: /favicon.ico
WARNING 2023-10-13 19:24:42,803 basehttp 8544 836 "GET /favicon.ico HTTP/1.1" 404 12406
INFO 2023-10-13 20:38:03,067 autoreload 9276 19596 Watching for file changes with StatReloader
INFO 2023-10-13 20:38:29,874 basehttp 9276 10824 "GET / HTTP/1.1" 200 10076
INFO 2023-10-13 20:38:29,988 basehttp 9276 10824 "GET /static/debug_toolbar/css/toolbar.css HTTP/1.1" 304 0
INFO 2023-10-13 20:38:29,988 basehttp 9276 11920 "GET /static/debug_toolbar/js/toolbar.js HTTP/1.1" 304 0
INFO 2023-10-13 20:38:30,175 basehttp 9276 10824 "GET /static/debug_toolbar/css/print.css HTTP/1.1" 304 0
WARNING 2023-10-13 20:38:30,404 log 9276 10824 Not Found: /favicon.ico
WARNING 2023-10-13 20:38:30,405 basehttp 9276 10824 "GET /favicon.ico HTTP/1.1" 404 12406
INFO 2023-10-13 20:39:31,316 basehttp 9276 1104 "GET / HTTP/1.1" 200 10076
WARNING 2023-10-13 20:39:31,552 log 9276 1104 Not Found: /favicon.ico
WARNING 2023-10-13 20:39:31,553 basehttp 9276 1104 "GET /favicon.ico HTTP/1.1" 404 12406
INFO 2023-10-13 20:39:37,171 basehttp 9276 1104 "GET / HTTP/1.1" 200 10076
INFO 2023-10-13 21:26:17,001 basehttp 9276 20920 "GET /static/debug_toolbar/css/print.css HTTP/1.1" 304 0
INFO 2023-10-13 21:26:17,005 basehttp 9276 11692 "GET /static/debug_toolbar/css/toolbar.css HTTP/1.1" 304 0
INFO 2023-10-13 21:27:55,725 basehttp 9276 9260 "GET / HTTP/1.1" 200 10076
INFO 2023-10-13 21:28:00,751 basehttp 9276 9260 "GET /static/debug_toolbar/css/toolbar.css HTTP/1.1" 304 0
INFO 2023-10-13 21:28:01,034 basehttp 9276 9260 "GET /static/debug_toolbar/js/toolbar.js HTTP/1.1" 304 0
INFO 2023-10-13 21:28:01,038 basehttp 9276 19244 "GET /static/debug_toolbar/css/print.css HTTP/1.1" 304 0
WARNING 2023-10-13 21:28:01,737 log 9276 19244 Not Found: /favicon.ico
WARNING 2023-10-13 21:28:01,738 basehttp 9276 19244 "GET /favicon.ico HTTP/1.1" 404 12406
INFO 2023-10-13 21:39:04,790 basehttp 9276 17244 "GET /static/debug_toolbar/js/toolbar.js HTTP/1.1" 304 0
INFO 2023-10-13 21:58:01,113 autoreload 6924 7128 Watching for file changes with StatReloader
INFO 2023-10-13 22:00:49,542 basehttp 6924 19676 "GET / HTTP/1.1" 200 10077
INFO 2023-10-13 22:00:49,793 basehttp 6924 19676 "GET /static/debug_toolbar/js/toolbar.js HTTP/1.1" 200 13404
INFO 2023-10-13 22:00:49,852 basehttp 6924 12624 "GET /static/debug_toolbar/css/toolbar.css HTTP/1.1" 200 12621
INFO 2023-10-13 22:00:49,853 basehttp 6924 16988 "GET /static/debug_toolbar/css/print.css HTTP/1.1" 200 43
INFO 2023-10-13 22:01:11,431 basehttp 6924 16988 "GET / HTTP/1.1" 200 10076
INFO 2023-10-13 22:01:11,519 basehttp 6924 12624 "GET /static/debug_toolbar/js/toolbar.js HTTP/1.1" 304 0
INFO 2023-10-13 22:01:11,521 basehttp 6924 16988 "GET /static/debug_toolbar/css/toolbar.css HTTP/1.1" 200 12621
INFO 2023-10-13 22:01:11,557 basehttp 6924 16988 "GET /static/debug_toolbar/css/print.css HTTP/1.1" 200 43
INFO 2023-10-13 22:31:13,441 autoreload 9920 17812 Watching for file changes with StatReloader
INFO 2023-10-13 22:31:47,503 basehttp 9920 10988 "GET /les6/db HTTP/1.1" 301 0
INFO 2023-10-13 22:31:47,947 basehttp 9920 7772 "GET /les6/db/ HTTP/1.1" 200 10182
INFO 2023-10-13 22:31:48,013 basehttp 9920 7772 "GET /static/debug_toolbar/css/toolbar.css HTTP/1.1" 304 0
INFO 2023-10-13 22:31:48,045 basehttp 9920 19072 "GET /static/debug_toolbar/js/toolbar.js HTTP/1.1" 304 0
INFO 2023-10-13 22:31:48,060 basehttp 9920 19072 "GET /static/debug_toolbar/css/print.css HTTP/1.1" 304 0
INFO 2023-10-13 22:34:00,815 basehttp 9920 19072 "GET /les6/view/ HTTP/1.1" 200 10166
WARNING 2023-10-13 22:35:02,576 log 9920 19072 Not Found: /les6/teplate/
WARNING 2023-10-13 22:35:02,577 basehttp 9920 19072 "GET /les6/teplate/ HTTP/1.1" 404 12928
INFO 2023-10-13 22:35:12,997 basehttp 9920 19072 "GET /les6/template/ HTTP/1.1" 200 10150
INFO 2023-10-13 22:45:21,630 autoreload 9920 17812 C:\Users\kapa-\PycharmProjects\pythonDjango\myproject\myproject\settings.py changed, reloading.
INFO 2023-10-13 22:45:22,730 autoreload 12884 10988 Watching for file changes with StatReloader
INFO 2023-10-13 22:46:39,649 autoreload 12884 10988 C:\Users\kapa-\PycharmProjects\pythonDjango\myproject\myproject\settings.py changed, reloading.
INFO 2023-10-13 22:46:40,675 autoreload 21312 11020 Watching for file changes with StatReloader
INFO 2023-10-13 22:48:29,568 autoreload 21312 11020 C:\Users\kapa-\PycharmProjects\pythonDjango\myproject\myproject\settings.py changed, reloading.
INFO 2023-10-13 22:48:30,846 autoreload 17632 16476 Watching for file changes with StatReloader
